[2022-06-1615:39:10] [ INFO ] [PacienteDaoH2:59] Domicilio encontrado Domicilio{id=1, calle='Brooklyn', numero=111, localidad='Las Heras', provincia='Mendoza'}
[2022-06-1615:39:10] [ INFO ] [PacienteDaoH2:113] Buscando todos los pacientes
[2022-06-1615:39:10] [ INFO ] [PacienteDaoH2:124] Domicilios encontrados: [Domicilio{id=1, calle='Brooklyn', numero=111, localidad='Las Heras', provincia='Mendoza'}, Domicilio{id=3, calle='Jacaranda', numero=709, localidad='Las Heras', provincia='Mendoza'}, Domicilio{id=4, calle='Jacaranda', numero=709, localidad='Las Heras', provincia='Mendoza'}, Domicilio{id=5, calle='Jacaranda', numero=709, localidad='Las Heras', provincia='Mendoza'}]
[2022-06-1615:39:10] [ INFO ] [PacienteDaoH2:41] Domicilio registrado
[2022-06-1615:39:10] [ INFO ] [PacienteDaoH2:70] Eliminando domicilio
[2022-06-1615:39:10] [ INFO ] [PacienteDaoH2:79] Domicilio con id 2 eliminado.
[2022-06-1615:40:26] [ INFO ] [PacienteDaoH2:113] Buscando todos los pacientes
[2022-06-1615:40:27] [ INFO ] [PacienteDaoH2:124] Domicilios encontrados: [Domicilio{id=1, calle='Brooklyn', numero=111, localidad='Las Heras', provincia='Mendoza'}, Domicilio{id=3, calle='Jacaranda', numero=709, localidad='Las Heras', provincia='Mendoza'}, Domicilio{id=4, calle='Jacaranda', numero=709, localidad='Las Heras', provincia='Mendoza'}, Domicilio{id=5, calle='Jacaranda', numero=709, localidad='Las Heras', provincia='Mendoza'}, Domicilio{id=6, calle='Jacaranda', numero=709, localidad='Las Heras', provincia='Mendoza'}]
[2022-06-1615:40:51] [ INFO ] [PacienteDaoH2:113] Buscando todos los pacientes
[2022-06-1615:40:51] [ INFO ] [PacienteDaoH2:124] Domicilios encontrados: [Domicilio{id=1, calle='Brooklyn', numero=111, localidad='Las Heras', provincia='Mendoza'}, Domicilio{id=3, calle='Jacaranda', numero=709, localidad='Las Heras', provincia='Mendoza'}, Domicilio{id=4, calle='Jacaranda', numero=709, localidad='Las Heras', provincia='Mendoza'}, Domicilio{id=5, calle='Jacaranda', numero=709, localidad='Las Heras', provincia='Mendoza'}, Domicilio{id=6, calle='Jacaranda', numero=709, localidad='Las Heras', provincia='Mendoza'}]
[2022-06-1615:40:57] [ INFO ] [OdontologoDaoH2:47] Buscando odontológo con id 2
[2022-06-1615:40:58] [ INFO ] [OdontologoDaoH2:56] Odontologo encontrado: Odontologo{id=2, nroMatricula='2366', nombre='Pablo', apellido='Perez'}
[2022-06-1615:40:58] [ INFO ] [OdontologoDaoH2:105] Buscando todos los odontologos.
[2022-06-1615:40:58] [ INFO ] [OdontologoDaoH2:116] Todos los odontologos encontrados: [Odontologo{id=1, nroMatricula='1522', nombre='Isabella', apellido='Lopez'}, Odontologo{id=2, nroMatricula='2366', nombre='Pablo', apellido='Perez'}, Odontologo{id=6, nroMatricula='1010', nombre='Gino', apellido='Pascualino'}]
[2022-06-1615:40:58] [ INFO ] [OdontologoDaoH2:75] Odontologo con id 3 eliminado
[2022-06-1615:41:18] [ INFO ] [OdontologoDaoH2:105] Buscando todos los odontologos.
[2022-06-1615:41:18] [ INFO ] [OdontologoDaoH2:116] Todos los odontologos encontrados: [Odontologo{id=1, nroMatricula='1522', nombre='Isabella', apellido='Lopez'}, Odontologo{id=2, nroMatricula='2366', nombre='Pablo', apellido='Perez'}, Odontologo{id=6, nroMatricula='1010', nombre='Gino', apellido='Pascualino'}]
[2022-06-1615:41:24] [ INFO ] [PacienteDaoH2:55] Buscando paciente
[2022-06-1615:41:24] [ INFO ] [PacienteDaoH2:59] Domicilio encontrado Domicilio{id=4, calle='Jacaranda', numero=709, localidad='Las Heras', provincia='Mendoza'}
[2022-06-1615:41:24] [ INFO ] [PacienteDaoH2:64] Paciente con id 2 encontrado
[2022-06-1615:41:24] [ INFO ] [PacienteDaoH2:120] Buscando todos los pacientes
[2022-06-1615:41:24] [ INFO ] [PacienteDaoH2:59] Domicilio encontrado Domicilio{id=3, calle='Jacaranda', numero=709, localidad='Las Heras', provincia='Mendoza'}
[2022-06-1615:41:24] [ INFO ] [PacienteDaoH2:59] Domicilio encontrado Domicilio{id=4, calle='Jacaranda', numero=709, localidad='Las Heras', provincia='Mendoza'}
[2022-06-1615:41:24] [ INFO ] [PacienteDaoH2:59] Domicilio encontrado Domicilio{id=5, calle='Jacaranda', numero=709, localidad='Las Heras', provincia='Mendoza'}
[2022-06-1615:41:24] [ INFO ] [PacienteDaoH2:131] Pacientes encontrados: [Paciente{apellido='Gino', nombre='Falcone', dni='502356', fechaIngreso='2022-06-16', domicilio='Domicilio{id=3, calle='Jacaranda', numero=709, localidad='Las Heras', provincia='Mendoza'}', id=1}, Paciente{apellido='Renzo', nombre='Paura', dni='1236587', fechaIngreso='2022-06-16', domicilio='Domicilio{id=4, calle='Jacaranda', numero=709, localidad='Las Heras', provincia='Mendoza'}', id=2}, Paciente{apellido='Miguel Angel', nombre='Paura', dni='235687', fechaIngreso='2022-06-16', domicilio='Domicilio{id=5, calle='Jacaranda', numero=709, localidad='Las Heras', provincia='Mendoza'}', id=3}]
[2022-06-1615:41:24] [ INFO ] [PacienteDaoH2:28] Registrando paciente
[2022-06-1615:41:24] [ INFO ] [PacienteDaoH2:41] Domicilio registrado
[2022-06-1615:41:24] [ INFO ] [PacienteDaoH2:44] Paciente registrado: Paciente{apellido='Falcone', nombre='Gino', dni='502356', fechaIngreso='Thu Jun 16 15:41:24 ART 2022', domicilio='Domicilio{id=7, calle='Jacaranda', numero=709, localidad='Las Heras', provincia='Mendoza'}', id=4}
[2022-06-1615:41:24] [ INFO ] [PacienteDaoH2:28] Registrando paciente
[2022-06-1615:41:24] [ INFO ] [PacienteDaoH2:41] Domicilio registrado
[2022-06-1615:41:24] [ INFO ] [PacienteDaoH2:44] Paciente registrado: Paciente{apellido='Paura', nombre='Renzo', dni='1236587', fechaIngreso='Thu Jun 16 15:41:24 ART 2022', domicilio='Domicilio{id=8, calle='Jacaranda', numero=709, localidad='Las Heras', provincia='Mendoza'}', id=5}
[2022-06-1615:41:24] [ INFO ] [PacienteDaoH2:28] Registrando paciente
[2022-06-1615:41:24] [ INFO ] [PacienteDaoH2:41] Domicilio registrado
[2022-06-1615:41:24] [ INFO ] [PacienteDaoH2:44] Paciente registrado: Paciente{apellido='Paura', nombre='Miguel Angel', dni='235687', fechaIngreso='Thu Jun 16 15:41:24 ART 2022', domicilio='Domicilio{id=9, calle='Jacaranda', numero=709, localidad='Las Heras', provincia='Mendoza'}', id=6}
[2022-06-1615:41:24] [ INFO ] [PacienteDaoH2:75] Elimnando paciente
[2022-06-1615:41:24] [ INFO ] [PacienteDaoH2:84] Paciente con id 4 eliminado.
[2022-06-1615:41:36] [ INFO ] [PacienteDaoH2:55] Buscando paciente
[2022-06-1615:41:36] [ INFO ] [PacienteDaoH2:59] Domicilio encontrado Domicilio{id=4, calle='Jacaranda', numero=709, localidad='Las Heras', provincia='Mendoza'}
[2022-06-1615:41:36] [ INFO ] [PacienteDaoH2:64] Paciente con id 2 encontrado
[2022-06-1615:41:36] [ INFO ] [PacienteDaoH2:120] Buscando todos los pacientes
[2022-06-1615:41:36] [ INFO ] [PacienteDaoH2:59] Domicilio encontrado Domicilio{id=3, calle='Jacaranda', numero=709, localidad='Las Heras', provincia='Mendoza'}
[2022-06-1615:41:36] [ INFO ] [PacienteDaoH2:59] Domicilio encontrado Domicilio{id=4, calle='Jacaranda', numero=709, localidad='Las Heras', provincia='Mendoza'}
[2022-06-1615:41:36] [ INFO ] [PacienteDaoH2:59] Domicilio encontrado Domicilio{id=5, calle='Jacaranda', numero=709, localidad='Las Heras', provincia='Mendoza'}
[2022-06-1615:41:36] [ INFO ] [PacienteDaoH2:59] Domicilio encontrado Domicilio{id=8, calle='Jacaranda', numero=709, localidad='Las Heras', provincia='Mendoza'}
[2022-06-1615:41:36] [ INFO ] [PacienteDaoH2:59] Domicilio encontrado Domicilio{id=9, calle='Jacaranda', numero=709, localidad='Las Heras', provincia='Mendoza'}
[2022-06-1615:41:36] [ INFO ] [PacienteDaoH2:131] Pacientes encontrados: [Paciente{apellido='Gino', nombre='Falcone', dni='502356', fechaIngreso='2022-06-16', domicilio='Domicilio{id=3, calle='Jacaranda', numero=709, localidad='Las Heras', provincia='Mendoza'}', id=1}, Paciente{apellido='Renzo', nombre='Paura', dni='1236587', fechaIngreso='2022-06-16', domicilio='Domicilio{id=4, calle='Jacaranda', numero=709, localidad='Las Heras', provincia='Mendoza'}', id=2}, Paciente{apellido='Miguel Angel', nombre='Paura', dni='235687', fechaIngreso='2022-06-16', domicilio='Domicilio{id=5, calle='Jacaranda', numero=709, localidad='Las Heras', provincia='Mendoza'}', id=3}, Paciente{apellido='Renzo', nombre='Paura', dni='1236587', fechaIngreso='2022-06-16', domicilio='Domicilio{id=8, calle='Jacaranda', numero=709, localidad='Las Heras', provincia='Mendoza'}', id=5}, Paciente{apellido='Miguel Angel', nombre='Paura', dni='235687', fechaIngreso='2022-06-16', domicilio='Domicilio{id=9, calle='Jacaranda', numero=709, localidad='Las Heras', provincia='Mendoza'}', id=6}]
[2022-06-1615:41:36] [ INFO ] [PacienteDaoH2:28] Registrando paciente
[2022-06-1615:41:36] [ INFO ] [PacienteDaoH2:41] Domicilio registrado
[2022-06-1615:41:36] [ INFO ] [PacienteDaoH2:44] Paciente registrado: Paciente{apellido='Falcone', nombre='Gino', dni='502356', fechaIngreso='Thu Jun 16 15:41:36 ART 2022', domicilio='Domicilio{id=10, calle='Jacaranda', numero=709, localidad='Las Heras', provincia='Mendoza'}', id=7}
[2022-06-1615:41:36] [ INFO ] [PacienteDaoH2:28] Registrando paciente
[2022-06-1615:41:36] [ INFO ] [PacienteDaoH2:41] Domicilio registrado
[2022-06-1615:41:36] [ INFO ] [PacienteDaoH2:44] Paciente registrado: Paciente{apellido='Paura', nombre='Renzo', dni='1236587', fechaIngreso='Thu Jun 16 15:41:36 ART 2022', domicilio='Domicilio{id=11, calle='Jacaranda', numero=709, localidad='Las Heras', provincia='Mendoza'}', id=8}
[2022-06-1615:41:36] [ INFO ] [PacienteDaoH2:28] Registrando paciente
[2022-06-1615:41:36] [ INFO ] [PacienteDaoH2:41] Domicilio registrado
[2022-06-1615:41:36] [ INFO ] [PacienteDaoH2:44] Paciente registrado: Paciente{apellido='Paura', nombre='Miguel Angel', dni='235687', fechaIngreso='Thu Jun 16 15:41:36 ART 2022', domicilio='Domicilio{id=12, calle='Jacaranda', numero=709, localidad='Las Heras', provincia='Mendoza'}', id=9}
[2022-06-1615:41:36] [ INFO ] [PacienteDaoH2:75] Elimnando paciente
[2022-06-1615:41:36] [ INFO ] [PacienteDaoH2:84] Paciente con id 4 eliminado.
[2022-06-1615:41:52] [ INFO ] [PacienteDaoH2:120] Buscando todos los pacientes
[2022-06-1615:41:52] [ INFO ] [PacienteDaoH2:59] Domicilio encontrado Domicilio{id=3, calle='Jacaranda', numero=709, localidad='Las Heras', provincia='Mendoza'}
[2022-06-1615:41:52] [ INFO ] [PacienteDaoH2:59] Domicilio encontrado Domicilio{id=4, calle='Jacaranda', numero=709, localidad='Las Heras', provincia='Mendoza'}
[2022-06-1615:41:52] [ INFO ] [PacienteDaoH2:59] Domicilio encontrado Domicilio{id=5, calle='Jacaranda', numero=709, localidad='Las Heras', provincia='Mendoza'}
[2022-06-1615:41:52] [ INFO ] [PacienteDaoH2:59] Domicilio encontrado Domicilio{id=8, calle='Jacaranda', numero=709, localidad='Las Heras', provincia='Mendoza'}
[2022-06-1615:41:52] [ INFO ] [PacienteDaoH2:59] Domicilio encontrado Domicilio{id=9, calle='Jacaranda', numero=709, localidad='Las Heras', provincia='Mendoza'}
[2022-06-1615:41:52] [ INFO ] [PacienteDaoH2:59] Domicilio encontrado Domicilio{id=10, calle='Jacaranda', numero=709, localidad='Las Heras', provincia='Mendoza'}
[2022-06-1615:41:52] [ INFO ] [PacienteDaoH2:59] Domicilio encontrado Domicilio{id=11, calle='Jacaranda', numero=709, localidad='Las Heras', provincia='Mendoza'}
[2022-06-1615:41:52] [ INFO ] [PacienteDaoH2:59] Domicilio encontrado Domicilio{id=12, calle='Jacaranda', numero=709, localidad='Las Heras', provincia='Mendoza'}
[2022-06-1615:41:52] [ INFO ] [PacienteDaoH2:131] Pacientes encontrados: [Paciente{apellido='Gino', nombre='Falcone', dni='502356', fechaIngreso='2022-06-16', domicilio='Domicilio{id=3, calle='Jacaranda', numero=709, localidad='Las Heras', provincia='Mendoza'}', id=1}, Paciente{apellido='Renzo', nombre='Paura', dni='1236587', fechaIngreso='2022-06-16', domicilio='Domicilio{id=4, calle='Jacaranda', numero=709, localidad='Las Heras', provincia='Mendoza'}', id=2}, Paciente{apellido='Miguel Angel', nombre='Paura', dni='235687', fechaIngreso='2022-06-16', domicilio='Domicilio{id=5, calle='Jacaranda', numero=709, localidad='Las Heras', provincia='Mendoza'}', id=3}, Paciente{apellido='Renzo', nombre='Paura', dni='1236587', fechaIngreso='2022-06-16', domicilio='Domicilio{id=8, calle='Jacaranda', numero=709, localidad='Las Heras', provincia='Mendoza'}', id=5}, Paciente{apellido='Miguel Angel', nombre='Paura', dni='235687', fechaIngreso='2022-06-16', domicilio='Domicilio{id=9, calle='Jacaranda', numero=709, localidad='Las Heras', provincia='Mendoza'}', id=6}, Paciente{apellido='Gino', nombre='Falcone', dni='502356', fechaIngreso='2022-06-16', domicilio='Domicilio{id=10, calle='Jacaranda', numero=709, localidad='Las Heras', provincia='Mendoza'}', id=7}, Paciente{apellido='Renzo', nombre='Paura', dni='1236587', fechaIngreso='2022-06-16', domicilio='Domicilio{id=11, calle='Jacaranda', numero=709, localidad='Las Heras', provincia='Mendoza'}', id=8}, Paciente{apellido='Miguel Angel', nombre='Paura', dni='235687', fechaIngreso='2022-06-16', domicilio='Domicilio{id=12, calle='Jacaranda', numero=709, localidad='Las Heras', provincia='Mendoza'}', id=9}]
[2022-06-1615:42:53] [ INFO ] [PacienteDaoH2:120] Buscando todos los pacientes
[2022-06-1615:42:54] [ INFO ] [PacienteDaoH2:59] Domicilio encontrado Domicilio{id=3, calle='Jacaranda', numero=709, localidad='Las Heras', provincia='Mendoza'}
[2022-06-1615:42:54] [ INFO ] [PacienteDaoH2:59] Domicilio encontrado Domicilio{id=4, calle='Jacaranda', numero=709, localidad='Las Heras', provincia='Mendoza'}
[2022-06-1615:42:54] [ INFO ] [PacienteDaoH2:59] Domicilio encontrado Domicilio{id=5, calle='Jacaranda', numero=709, localidad='Las Heras', provincia='Mendoza'}
[2022-06-1615:42:54] [ INFO ] [PacienteDaoH2:59] Domicilio encontrado Domicilio{id=8, calle='Jacaranda', numero=709, localidad='Las Heras', provincia='Mendoza'}
[2022-06-1615:42:54] [ INFO ] [PacienteDaoH2:59] Domicilio encontrado Domicilio{id=9, calle='Jacaranda', numero=709, localidad='Las Heras', provincia='Mendoza'}
[2022-06-1615:42:54] [ INFO ] [PacienteDaoH2:59] Domicilio encontrado Domicilio{id=10, calle='Jacaranda', numero=709, localidad='Las Heras', provincia='Mendoza'}
[2022-06-1615:42:54] [ INFO ] [PacienteDaoH2:59] Domicilio encontrado Domicilio{id=11, calle='Jacaranda', numero=709, localidad='Las Heras', provincia='Mendoza'}
[2022-06-1615:42:54] [ INFO ] [PacienteDaoH2:59] Domicilio encontrado Domicilio{id=12, calle='Jacaranda', numero=709, localidad='Las Heras', provincia='Mendoza'}
[2022-06-1615:42:54] [ INFO ] [PacienteDaoH2:131] Pacientes encontrados: [Paciente{apellido='Gino', nombre='Falcone', dni='502356', fechaIngreso='2022-06-16', domicilio='Domicilio{id=3, calle='Jacaranda', numero=709, localidad='Las Heras', provincia='Mendoza'}', id=1}, Paciente{apellido='Renzo', nombre='Paura', dni='1236587', fechaIngreso='2022-06-16', domicilio='Domicilio{id=4, calle='Jacaranda', numero=709, localidad='Las Heras', provincia='Mendoza'}', id=2}, Paciente{apellido='Miguel Angel', nombre='Paura', dni='235687', fechaIngreso='2022-06-16', domicilio='Domicilio{id=5, calle='Jacaranda', numero=709, localidad='Las Heras', provincia='Mendoza'}', id=3}, Paciente{apellido='Renzo', nombre='Paura', dni='1236587', fechaIngreso='2022-06-16', domicilio='Domicilio{id=8, calle='Jacaranda', numero=709, localidad='Las Heras', provincia='Mendoza'}', id=5}, Paciente{apellido='Miguel Angel', nombre='Paura', dni='235687', fechaIngreso='2022-06-16', domicilio='Domicilio{id=9, calle='Jacaranda', numero=709, localidad='Las Heras', provincia='Mendoza'}', id=6}, Paciente{apellido='Gino', nombre='Falcone', dni='502356', fechaIngreso='2022-06-16', domicilio='Domicilio{id=10, calle='Jacaranda', numero=709, localidad='Las Heras', provincia='Mendoza'}', id=7}, Paciente{apellido='Renzo', nombre='Paura', dni='1236587', fechaIngreso='2022-06-16', domicilio='Domicilio{id=11, calle='Jacaranda', numero=709, localidad='Las Heras', provincia='Mendoza'}', id=8}, Paciente{apellido='Miguel Angel', nombre='Paura', dni='235687', fechaIngreso='2022-06-16', domicilio='Domicilio{id=12, calle='Jacaranda', numero=709, localidad='Las Heras', provincia='Mendoza'}', id=9}]
[2022-06-1615:43:05] [ INFO ] [PacienteDaoH2:120] Buscando todos los pacientes
[2022-06-1615:43:06] [ INFO ] [PacienteDaoH2:59] Domicilio encontrado Domicilio{id=3, calle='Jacaranda', numero=709, localidad='Las Heras', provincia='Mendoza'}
[2022-06-1615:43:06] [ INFO ] [PacienteDaoH2:59] Domicilio encontrado Domicilio{id=4, calle='Jacaranda', numero=709, localidad='Las Heras', provincia='Mendoza'}
[2022-06-1615:43:06] [ INFO ] [PacienteDaoH2:59] Domicilio encontrado Domicilio{id=5, calle='Jacaranda', numero=709, localidad='Las Heras', provincia='Mendoza'}
[2022-06-1615:43:06] [ INFO ] [PacienteDaoH2:59] Domicilio encontrado Domicilio{id=8, calle='Jacaranda', numero=709, localidad='Las Heras', provincia='Mendoza'}
[2022-06-1615:43:06] [ INFO ] [PacienteDaoH2:59] Domicilio encontrado Domicilio{id=9, calle='Jacaranda', numero=709, localidad='Las Heras', provincia='Mendoza'}
[2022-06-1615:43:06] [ INFO ] [PacienteDaoH2:59] Domicilio encontrado Domicilio{id=10, calle='Jacaranda', numero=709, localidad='Las Heras', provincia='Mendoza'}
[2022-06-1615:43:06] [ INFO ] [PacienteDaoH2:59] Domicilio encontrado Domicilio{id=11, calle='Jacaranda', numero=709, localidad='Las Heras', provincia='Mendoza'}
[2022-06-1615:43:06] [ INFO ] [PacienteDaoH2:59] Domicilio encontrado Domicilio{id=12, calle='Jacaranda', numero=709, localidad='Las Heras', provincia='Mendoza'}
[2022-06-1615:43:06] [ INFO ] [PacienteDaoH2:131] Pacientes encontrados: [Paciente{apellido='Gino', nombre='Falcone', dni='502356', fechaIngreso='2022-06-16', domicilio='Domicilio{id=3, calle='Jacaranda', numero=709, localidad='Las Heras', provincia='Mendoza'}', id=1}, Paciente{apellido='Renzo', nombre='Paura', dni='1236587', fechaIngreso='2022-06-16', domicilio='Domicilio{id=4, calle='Jacaranda', numero=709, localidad='Las Heras', provincia='Mendoza'}', id=2}, Paciente{apellido='Miguel Angel', nombre='Paura', dni='235687', fechaIngreso='2022-06-16', domicilio='Domicilio{id=5, calle='Jacaranda', numero=709, localidad='Las Heras', provincia='Mendoza'}', id=3}, Paciente{apellido='Renzo', nombre='Paura', dni='1236587', fechaIngreso='2022-06-16', domicilio='Domicilio{id=8, calle='Jacaranda', numero=709, localidad='Las Heras', provincia='Mendoza'}', id=5}, Paciente{apellido='Miguel Angel', nombre='Paura', dni='235687', fechaIngreso='2022-06-16', domicilio='Domicilio{id=9, calle='Jacaranda', numero=709, localidad='Las Heras', provincia='Mendoza'}', id=6}, Paciente{apellido='Gino', nombre='Falcone', dni='502356', fechaIngreso='2022-06-16', domicilio='Domicilio{id=10, calle='Jacaranda', numero=709, localidad='Las Heras', provincia='Mendoza'}', id=7}, Paciente{apellido='Renzo', nombre='Paura', dni='1236587', fechaIngreso='2022-06-16', domicilio='Domicilio{id=11, calle='Jacaranda', numero=709, localidad='Las Heras', provincia='Mendoza'}', id=8}, Paciente{apellido='Miguel Angel', nombre='Paura', dni='235687', fechaIngreso='2022-06-16', domicilio='Domicilio{id=12, calle='Jacaranda', numero=709, localidad='Las Heras', provincia='Mendoza'}', id=9}]
[2022-06-1615:43:12] [ INFO ] [PacienteDaoH2:120] Buscando todos los pacientes
[2022-06-1615:43:12] [ INFO ] [PacienteDaoH2:59] Domicilio encontrado Domicilio{id=3, calle='Jacaranda', numero=709, localidad='Las Heras', provincia='Mendoza'}
[2022-06-1615:43:12] [ INFO ] [PacienteDaoH2:59] Domicilio encontrado Domicilio{id=4, calle='Jacaranda', numero=709, localidad='Las Heras', provincia='Mendoza'}
[2022-06-1615:43:12] [ INFO ] [PacienteDaoH2:59] Domicilio encontrado Domicilio{id=5, calle='Jacaranda', numero=709, localidad='Las Heras', provincia='Mendoza'}
[2022-06-1615:43:12] [ INFO ] [PacienteDaoH2:59] Domicilio encontrado Domicilio{id=8, calle='Jacaranda', numero=709, localidad='Las Heras', provincia='Mendoza'}
[2022-06-1615:43:12] [ INFO ] [PacienteDaoH2:59] Domicilio encontrado Domicilio{id=9, calle='Jacaranda', numero=709, localidad='Las Heras', provincia='Mendoza'}
[2022-06-1615:43:12] [ INFO ] [PacienteDaoH2:59] Domicilio encontrado Domicilio{id=10, calle='Jacaranda', numero=709, localidad='Las Heras', provincia='Mendoza'}
[2022-06-1615:43:12] [ INFO ] [PacienteDaoH2:59] Domicilio encontrado Domicilio{id=11, calle='Jacaranda', numero=709, localidad='Las Heras', provincia='Mendoza'}
[2022-06-1615:43:12] [ INFO ] [PacienteDaoH2:59] Domicilio encontrado Domicilio{id=12, calle='Jacaranda', numero=709, localidad='Las Heras', provincia='Mendoza'}
[2022-06-1615:43:12] [ INFO ] [PacienteDaoH2:131] Pacientes encontrados: [Paciente{apellido='Gino', nombre='Falcone', dni='502356', fechaIngreso='2022-06-16', domicilio='Domicilio{id=3, calle='Jacaranda', numero=709, localidad='Las Heras', provincia='Mendoza'}', id=1}, Paciente{apellido='Renzo', nombre='Paura', dni='1236587', fechaIngreso='2022-06-16', domicilio='Domicilio{id=4, calle='Jacaranda', numero=709, localidad='Las Heras', provincia='Mendoza'}', id=2}, Paciente{apellido='Miguel Angel', nombre='Paura', dni='235687', fechaIngreso='2022-06-16', domicilio='Domicilio{id=5, calle='Jacaranda', numero=709, localidad='Las Heras', provincia='Mendoza'}', id=3}, Paciente{apellido='Renzo', nombre='Paura', dni='1236587', fechaIngreso='2022-06-16', domicilio='Domicilio{id=8, calle='Jacaranda', numero=709, localidad='Las Heras', provincia='Mendoza'}', id=5}, Paciente{apellido='Miguel Angel', nombre='Paura', dni='235687', fechaIngreso='2022-06-16', domicilio='Domicilio{id=9, calle='Jacaranda', numero=709, localidad='Las Heras', provincia='Mendoza'}', id=6}, Paciente{apellido='Gino', nombre='Falcone', dni='502356', fechaIngreso='2022-06-16', domicilio='Domicilio{id=10, calle='Jacaranda', numero=709, localidad='Las Heras', provincia='Mendoza'}', id=7}, Paciente{apellido='Renzo', nombre='Paura', dni='1236587', fechaIngreso='2022-06-16', domicilio='Domicilio{id=11, calle='Jacaranda', numero=709, localidad='Las Heras', provincia='Mendoza'}', id=8}, Paciente{apellido='Miguel Angel', nombre='Paura', dni='235687', fechaIngreso='2022-06-16', domicilio='Domicilio{id=12, calle='Jacaranda', numero=709, localidad='Las Heras', provincia='Mendoza'}', id=9}]
[2022-06-1615:43:21] [ INFO ] [PacienteDaoH2:120] Buscando todos los pacientes
[2022-06-1615:43:21] [ INFO ] [PacienteDaoH2:59] Domicilio encontrado Domicilio{id=3, calle='Jacaranda', numero=709, localidad='Las Heras', provincia='Mendoza'}
[2022-06-1615:43:21] [ INFO ] [PacienteDaoH2:59] Domicilio encontrado Domicilio{id=4, calle='Jacaranda', numero=709, localidad='Las Heras', provincia='Mendoza'}
[2022-06-1615:43:21] [ INFO ] [PacienteDaoH2:59] Domicilio encontrado Domicilio{id=5, calle='Jacaranda', numero=709, localidad='Las Heras', provincia='Mendoza'}
[2022-06-1615:43:21] [ INFO ] [PacienteDaoH2:59] Domicilio encontrado Domicilio{id=8, calle='Jacaranda', numero=709, localidad='Las Heras', provincia='Mendoza'}
[2022-06-1615:43:21] [ INFO ] [PacienteDaoH2:59] Domicilio encontrado Domicilio{id=9, calle='Jacaranda', numero=709, localidad='Las Heras', provincia='Mendoza'}
[2022-06-1615:43:21] [ INFO ] [PacienteDaoH2:59] Domicilio encontrado Domicilio{id=10, calle='Jacaranda', numero=709, localidad='Las Heras', provincia='Mendoza'}
[2022-06-1615:43:21] [ INFO ] [PacienteDaoH2:59] Domicilio encontrado Domicilio{id=11, calle='Jacaranda', numero=709, localidad='Las Heras', provincia='Mendoza'}
[2022-06-1615:43:21] [ INFO ] [PacienteDaoH2:59] Domicilio encontrado Domicilio{id=12, calle='Jacaranda', numero=709, localidad='Las Heras', provincia='Mendoza'}
[2022-06-1615:43:21] [ INFO ] [PacienteDaoH2:131] Pacientes encontrados: [Paciente{apellido='Gino', nombre='Falcone', dni='502356', fechaIngreso='2022-06-16', domicilio='Domicilio{id=3, calle='Jacaranda', numero=709, localidad='Las Heras', provincia='Mendoza'}', id=1}, Paciente{apellido='Renzo', nombre='Paura', dni='1236587', fechaIngreso='2022-06-16', domicilio='Domicilio{id=4, calle='Jacaranda', numero=709, localidad='Las Heras', provincia='Mendoza'}', id=2}, Paciente{apellido='Miguel Angel', nombre='Paura', dni='235687', fechaIngreso='2022-06-16', domicilio='Domicilio{id=5, calle='Jacaranda', numero=709, localidad='Las Heras', provincia='Mendoza'}', id=3}, Paciente{apellido='Renzo', nombre='Paura', dni='1236587', fechaIngreso='2022-06-16', domicilio='Domicilio{id=8, calle='Jacaranda', numero=709, localidad='Las Heras', provincia='Mendoza'}', id=5}, Paciente{apellido='Miguel Angel', nombre='Paura', dni='235687', fechaIngreso='2022-06-16', domicilio='Domicilio{id=9, calle='Jacaranda', numero=709, localidad='Las Heras', provincia='Mendoza'}', id=6}, Paciente{apellido='Gino', nombre='Falcone', dni='502356', fechaIngreso='2022-06-16', domicilio='Domicilio{id=10, calle='Jacaranda', numero=709, localidad='Las Heras', provincia='Mendoza'}', id=7}, Paciente{apellido='Renzo', nombre='Paura', dni='1236587', fechaIngreso='2022-06-16', domicilio='Domicilio{id=11, calle='Jacaranda', numero=709, localidad='Las Heras', provincia='Mendoza'}', id=8}, Paciente{apellido='Miguel Angel', nombre='Paura', dni='235687', fechaIngreso='2022-06-16', domicilio='Domicilio{id=12, calle='Jacaranda', numero=709, localidad='Las Heras', provincia='Mendoza'}', id=9}]
[2022-06-1615:43:28] [ INFO ] [PacienteDaoH2:120] Buscando todos los pacientes
[2022-06-1615:43:28] [ INFO ] [PacienteDaoH2:59] Domicilio encontrado Domicilio{id=3, calle='Jacaranda', numero=709, localidad='Las Heras', provincia='Mendoza'}
[2022-06-1615:43:28] [ INFO ] [PacienteDaoH2:59] Domicilio encontrado Domicilio{id=4, calle='Jacaranda', numero=709, localidad='Las Heras', provincia='Mendoza'}
[2022-06-1615:43:28] [ INFO ] [PacienteDaoH2:59] Domicilio encontrado Domicilio{id=5, calle='Jacaranda', numero=709, localidad='Las Heras', provincia='Mendoza'}
[2022-06-1615:43:28] [ INFO ] [PacienteDaoH2:59] Domicilio encontrado Domicilio{id=8, calle='Jacaranda', numero=709, localidad='Las Heras', provincia='Mendoza'}
[2022-06-1615:43:28] [ INFO ] [PacienteDaoH2:59] Domicilio encontrado Domicilio{id=9, calle='Jacaranda', numero=709, localidad='Las Heras', provincia='Mendoza'}
[2022-06-1615:43:28] [ INFO ] [PacienteDaoH2:59] Domicilio encontrado Domicilio{id=10, calle='Jacaranda', numero=709, localidad='Las Heras', provincia='Mendoza'}
[2022-06-1615:43:28] [ INFO ] [PacienteDaoH2:59] Domicilio encontrado Domicilio{id=11, calle='Jacaranda', numero=709, localidad='Las Heras', provincia='Mendoza'}
[2022-06-1615:43:28] [ INFO ] [PacienteDaoH2:59] Domicilio encontrado Domicilio{id=12, calle='Jacaranda', numero=709, localidad='Las Heras', provincia='Mendoza'}
[2022-06-1615:43:28] [ INFO ] [PacienteDaoH2:131] Pacientes encontrados: [Paciente{apellido='Gino', nombre='Falcone', dni='502356', fechaIngreso='2022-06-16', domicilio='Domicilio{id=3, calle='Jacaranda', numero=709, localidad='Las Heras', provincia='Mendoza'}', id=1}, Paciente{apellido='Renzo', nombre='Paura', dni='1236587', fechaIngreso='2022-06-16', domicilio='Domicilio{id=4, calle='Jacaranda', numero=709, localidad='Las Heras', provincia='Mendoza'}', id=2}, Paciente{apellido='Miguel Angel', nombre='Paura', dni='235687', fechaIngreso='2022-06-16', domicilio='Domicilio{id=5, calle='Jacaranda', numero=709, localidad='Las Heras', provincia='Mendoza'}', id=3}, Paciente{apellido='Renzo', nombre='Paura', dni='1236587', fechaIngreso='2022-06-16', domicilio='Domicilio{id=8, calle='Jacaranda', numero=709, localidad='Las Heras', provincia='Mendoza'}', id=5}, Paciente{apellido='Miguel Angel', nombre='Paura', dni='235687', fechaIngreso='2022-06-16', domicilio='Domicilio{id=9, calle='Jacaranda', numero=709, localidad='Las Heras', provincia='Mendoza'}', id=6}, Paciente{apellido='Gino', nombre='Falcone', dni='502356', fechaIngreso='2022-06-16', domicilio='Domicilio{id=10, calle='Jacaranda', numero=709, localidad='Las Heras', provincia='Mendoza'}', id=7}, Paciente{apellido='Renzo', nombre='Paura', dni='1236587', fechaIngreso='2022-06-16', domicilio='Domicilio{id=11, calle='Jacaranda', numero=709, localidad='Las Heras', provincia='Mendoza'}', id=8}, Paciente{apellido='Miguel Angel', nombre='Paura', dni='235687', fechaIngreso='2022-06-16', domicilio='Domicilio{id=12, calle='Jacaranda', numero=709, localidad='Las Heras', provincia='Mendoza'}', id=9}]
[2022-06-1615:48:54] [ INFO ] [OdontologoDaoH2:25] Registrando odontologo.
[2022-06-1615:48:54] [ ERROR] [OdontologoDaoH2:40] Error en la base de datos.
org.h2.jdbc.JdbcSQLDataException: Data conversion error converting "'1258a' (ODONTOLOGOS: ""NRO_MATRICULA"" INTEGER)"; SQL statement:
INSERT INTO odontologos (nro_matricula, nombre, apellido) VALUES (?,?,?) [22018-212]
	at org.h2.message.DbException.getJdbcSQLException(DbException.java:506)
	at org.h2.message.DbException.getJdbcSQLException(DbException.java:477)
	at org.h2.message.DbException.get(DbException.java:212)
	at org.h2.table.Column.getDataConversionError(Column.java:413)
	at org.h2.table.Column.validateConvertUpdateSequence(Column.java:372)
	at org.h2.table.Table.convertInsertRow(Table.java:931)
	at org.h2.command.dml.Insert.insertRows(Insert.java:167)
	at org.h2.command.dml.Insert.update(Insert.java:135)
	at org.h2.command.CommandContainer.executeUpdateWithGeneratedKeys(CommandContainer.java:247)
	at org.h2.command.CommandContainer.update(CommandContainer.java:168)
	at org.h2.command.Command.executeUpdate(Command.java:252)
	at org.h2.jdbc.JdbcPreparedStatement.execute(JdbcPreparedStatement.java:254)
	at com.clinicadental.clinica.repository.impl.OdontologoDaoH2.registrar(OdontologoDaoH2.java:32)
	at com.clinicadental.clinica.repository.impl.OdontologoDaoH2.registrar(OdontologoDaoH2.java:15)
	at com.clinicadental.clinica.service.OdontologoService.registrar(OdontologoService.java:18)
	at com.clinicadental.clinica.controller.OdontologoController.registrar(OdontologoController.java:50)
	at java.base/jdk.internal.reflect.DirectMethodHandleAccessor.invoke(DirectMethodHandleAccessor.java:104)
	at java.base/java.lang.reflect.Method.invoke(Method.java:577)
	at org.springframework.web.method.support.InvocableHandlerMethod.doInvoke(InvocableHandlerMethod.java:205)
	at org.springframework.web.method.support.InvocableHandlerMethod.invokeForRequest(InvocableHandlerMethod.java:150)
	at org.springframework.web.servlet.mvc.method.annotation.ServletInvocableHandlerMethod.invokeAndHandle(ServletInvocableHandlerMethod.java:117)
	at org.springframework.web.servlet.mvc.method.annotation.RequestMappingHandlerAdapter.invokeHandlerMethod(RequestMappingHandlerAdapter.java:895)
	at org.springframework.web.servlet.mvc.method.annotation.RequestMappingHandlerAdapter.handleInternal(RequestMappingHandlerAdapter.java:808)
	at org.springframework.web.servlet.mvc.method.AbstractHandlerMethodAdapter.handle(AbstractHandlerMethodAdapter.java:87)
	at org.springframework.web.servlet.DispatcherServlet.doDispatch(DispatcherServlet.java:1067)
	at org.springframework.web.servlet.DispatcherServlet.doService(DispatcherServlet.java:963)
	at org.springframework.web.servlet.FrameworkServlet.processRequest(FrameworkServlet.java:1006)
	at org.springframework.web.servlet.FrameworkServlet.doPost(FrameworkServlet.java:909)
	at javax.servlet.http.HttpServlet.service(HttpServlet.java:681)
	at org.springframework.web.servlet.FrameworkServlet.service(FrameworkServlet.java:883)
	at javax.servlet.http.HttpServlet.service(HttpServlet.java:764)
	at org.apache.catalina.core.ApplicationFilterChain.internalDoFilter(ApplicationFilterChain.java:227)
	at org.apache.catalina.core.ApplicationFilterChain.doFilter(ApplicationFilterChain.java:162)
	at org.apache.tomcat.websocket.server.WsFilter.doFilter(WsFilter.java:53)
	at org.apache.catalina.core.ApplicationFilterChain.internalDoFilter(ApplicationFilterChain.java:189)
	at org.apache.catalina.core.ApplicationFilterChain.doFilter(ApplicationFilterChain.java:162)
	at org.springframework.web.filter.RequestContextFilter.doFilterInternal(RequestContextFilter.java:100)
	at org.springframework.web.filter.OncePerRequestFilter.doFilter(OncePerRequestFilter.java:117)
	at org.apache.catalina.core.ApplicationFilterChain.internalDoFilter(ApplicationFilterChain.java:189)
	at org.apache.catalina.core.ApplicationFilterChain.doFilter(ApplicationFilterChain.java:162)
	at org.springframework.web.filter.FormContentFilter.doFilterInternal(FormContentFilter.java:93)
	at org.springframework.web.filter.OncePerRequestFilter.doFilter(OncePerRequestFilter.java:117)
	at org.apache.catalina.core.ApplicationFilterChain.internalDoFilter(ApplicationFilterChain.java:189)
	at org.apache.catalina.core.ApplicationFilterChain.doFilter(ApplicationFilterChain.java:162)
	at org.springframework.web.filter.CharacterEncodingFilter.doFilterInternal(CharacterEncodingFilter.java:201)
	at org.springframework.web.filter.OncePerRequestFilter.doFilter(OncePerRequestFilter.java:117)
	at org.apache.catalina.core.ApplicationFilterChain.internalDoFilter(ApplicationFilterChain.java:189)
	at org.apache.catalina.core.ApplicationFilterChain.doFilter(ApplicationFilterChain.java:162)
	at org.apache.catalina.core.StandardWrapperValve.invoke(StandardWrapperValve.java:197)
	at org.apache.catalina.core.StandardContextValve.invoke(StandardContextValve.java:97)
	at org.apache.catalina.authenticator.AuthenticatorBase.invoke(AuthenticatorBase.java:541)
	at org.apache.catalina.core.StandardHostValve.invoke(StandardHostValve.java:135)
	at org.apache.catalina.valves.ErrorReportValve.invoke(ErrorReportValve.java:92)
	at org.apache.catalina.core.StandardEngineValve.invoke(StandardEngineValve.java:78)
	at org.apache.catalina.connector.CoyoteAdapter.service(CoyoteAdapter.java:360)
	at org.apache.coyote.http11.Http11Processor.service(Http11Processor.java:399)
	at org.apache.coyote.AbstractProcessorLight.process(AbstractProcessorLight.java:65)
	at org.apache.coyote.AbstractProtocol$ConnectionHandler.process(AbstractProtocol.java:890)
	at org.apache.tomcat.util.net.NioEndpoint$SocketProcessor.doRun(NioEndpoint.java:1743)
	at org.apache.tomcat.util.net.SocketProcessorBase.run(SocketProcessorBase.java:49)
	at org.apache.tomcat.util.threads.ThreadPoolExecutor.runWorker(ThreadPoolExecutor.java:1191)
	at org.apache.tomcat.util.threads.ThreadPoolExecutor$Worker.run(ThreadPoolExecutor.java:659)
	at org.apache.tomcat.util.threads.TaskThread$WrappingRunnable.run(TaskThread.java:61)
	at java.base/java.lang.Thread.run(Thread.java:833)
Caused by: org.h2.message.DbException: Data conversion error converting "1258a" [22018-212]
	at org.h2.message.DbException.get(DbException.java:212)
	at org.h2.value.ValueStringBase.getInt(ValueStringBase.java:133)
	at org.h2.value.Value.convertToInt(Value.java:1575)
	at org.h2.value.Value.convertTo(Value.java:1135)
	at org.h2.value.Value.convertForAssignTo(Value.java:1092)
	at org.h2.table.Column.validateConvertUpdateSequence(Column.java:369)
	... 59 more
Caused by: org.h2.jdbc.JdbcSQLDataException: Data conversion error converting "1258a" [22018-212]
	at org.h2.message.DbException.getJdbcSQLException(DbException.java:506)
	at org.h2.message.DbException.getJdbcSQLException(DbException.java:477)
	... 65 more
Caused by: java.lang.NumberFormatException: For input string: "1258a"
	at java.base/java.lang.NumberFormatException.forInputString(NumberFormatException.java:67)
	at java.base/java.lang.Integer.parseInt(Integer.java:668)
	at java.base/java.lang.Integer.parseInt(Integer.java:784)
	at org.h2.value.ValueStringBase.getInt(ValueStringBase.java:131)
	... 63 more
[2022-06-1615:49:18] [ INFO ] [OdontologoDaoH2:25] Registrando odontologo.
[2022-06-1615:49:18] [ INFO ] [OdontologoDaoH2:37] Ondontologo registrado correctamente: Odontologo{id=14, nroMatricula='1258', nombre='Miguel Angel', apellido='Falcone'}
[2022-06-1615:49:26] [ INFO ] [OdontologoDaoH2:105] Buscando todos los odontologos.
[2022-06-1615:49:26] [ INFO ] [OdontologoDaoH2:116] Todos los odontologos encontrados: [Odontologo{id=1, nroMatricula='1522', nombre='Isabella', apellido='Lopez'}, Odontologo{id=2, nroMatricula='2366', nombre='Pablo', apellido='Perez'}, Odontologo{id=6, nroMatricula='1010', nombre='Gino', apellido='Pascualino'}, Odontologo{id=14, nroMatricula='1258', nombre='Miguel Angel', apellido='Falcone'}]
[2022-06-1615:52:12] [ INFO ] [OdontologoDaoH2:25] Registrando odontologo.
[2022-06-1615:52:12] [ INFO ] [OdontologoDaoH2:37] Ondontologo registrado correctamente: Odontologo{id=15, nroMatricula='1282', nombre='Enriqueta', apellido='Evans'}
[2022-06-1615:52:14] [ INFO ] [OdontologoDaoH2:105] Buscando todos los odontologos.
[2022-06-1615:52:14] [ INFO ] [OdontologoDaoH2:116] Todos los odontologos encontrados: [Odontologo{id=1, nroMatricula='1522', nombre='Isabella', apellido='Lopez'}, Odontologo{id=2, nroMatricula='2366', nombre='Pablo', apellido='Perez'}, Odontologo{id=6, nroMatricula='1010', nombre='Gino', apellido='Pascualino'}, Odontologo{id=14, nroMatricula='1258', nombre='Miguel Angel', apellido='Falcone'}, Odontologo{id=15, nroMatricula='1282', nombre='Enriqueta', apellido='Evans'}]
[2022-06-1615:52:16] [ INFO ] [OdontologoDaoH2:47] Buscando odontológo con id 15
[2022-06-1615:52:16] [ INFO ] [OdontologoDaoH2:56] Odontologo encontrado: Odontologo{id=15, nroMatricula='1282', nombre='Enriqueta', apellido='Evans'}
[2022-06-1615:52:16] [ INFO ] [OdontologoDaoH2:75] Odontologo con id 15 eliminado
[2022-06-1616:41:14] [ INFO ] [OdontologoDaoH2:105] Buscando todos los odontologos.
[2022-06-1616:41:14] [ INFO ] [OdontologoDaoH2:116] Todos los odontologos encontrados: [Odontologo{id=1, nroMatricula='1522', nombre='Isabella', apellido='Lopez'}, Odontologo{id=2, nroMatricula='2366', nombre='Pablo', apellido='Perez'}, Odontologo{id=6, nroMatricula='1010', nombre='Gino', apellido='Pascualino'}, Odontologo{id=14, nroMatricula='1258', nombre='Miguel Angel', apellido='Falcone'}]
[2022-06-1616:41:17] [ INFO ] [OdontologoDaoH2:47] Buscando odontológo con id 1
[2022-06-1616:41:17] [ INFO ] [OdontologoDaoH2:56] Odontologo encontrado: Odontologo{id=1, nroMatricula='1522', nombre='Isabella', apellido='Lopez'}
[2022-06-1616:41:29] [ INFO ] [OdontologoDaoH2:88] Modificando odontologo
[2022-06-1616:41:31] [ INFO ] [OdontologoDaoH2:88] Modificando odontologo
[2022-06-1616:41:31] [ INFO ] [OdontologoDaoH2:88] Modificando odontologo
[2022-06-1616:41:32] [ INFO ] [OdontologoDaoH2:88] Modificando odontologo
[2022-06-1616:41:33] [ INFO ] [OdontologoDaoH2:88] Modificando odontologo
[2022-06-1616:41:34] [ INFO ] [OdontologoDaoH2:88] Modificando odontologo
[2022-06-1616:41:34] [ INFO ] [OdontologoDaoH2:88] Modificando odontologo
[2022-06-1616:41:41] [ INFO ] [OdontologoDaoH2:88] Modificando odontologo
[2022-06-1616:43:10] [ INFO ] [OdontologoDaoH2:88] Modificando odontologo
[2022-06-1616:43:10] [ INFO ] [OdontologoDaoH2:95] Odontologo actualizado: Odontologo{id=0, nroMatricula='1122', nombre='Isabella', apellido='Lopez'}
[2022-06-1616:43:21] [ INFO ] [OdontologoDaoH2:106] Buscando todos los odontologos.
[2022-06-1616:43:21] [ INFO ] [OdontologoDaoH2:117] Todos los odontologos encontrados: [Odontologo{id=1, nroMatricula='1522', nombre='Isabella', apellido='Lopez'}, Odontologo{id=2, nroMatricula='2366', nombre='Pablo', apellido='Perez'}, Odontologo{id=6, nroMatricula='1010', nombre='Gino', apellido='Pascualino'}, Odontologo{id=14, nroMatricula='1258', nombre='Miguel Angel', apellido='Falcone'}]
[2022-06-1616:43:25] [ INFO ] [OdontologoDaoH2:47] Buscando odontológo con id 2
[2022-06-1616:43:25] [ INFO ] [OdontologoDaoH2:56] Odontologo encontrado: Odontologo{id=2, nroMatricula='2366', nombre='Pablo', apellido='Perez'}
[2022-06-1616:43:29] [ INFO ] [OdontologoDaoH2:88] Modificando odontologo
[2022-06-1616:43:29] [ INFO ] [OdontologoDaoH2:95] Odontologo actualizado: Odontologo{id=0, nroMatricula='1325', nombre='Pablo', apellido='Perez'}
[2022-06-1616:45:10] [ INFO ] [OdontologoDaoH2:106] Buscando todos los odontologos.
[2022-06-1616:45:10] [ INFO ] [OdontologoDaoH2:117] Todos los odontologos encontrados: [Odontologo{id=1, nroMatricula='1522', nombre='Isabella', apellido='Lopez'}, Odontologo{id=2, nroMatricula='2366', nombre='Pablo', apellido='Perez'}, Odontologo{id=6, nroMatricula='1010', nombre='Gino', apellido='Pascualino'}, Odontologo{id=14, nroMatricula='1258', nombre='Miguel Angel', apellido='Falcone'}]
[2022-06-1616:45:13] [ INFO ] [OdontologoDaoH2:47] Buscando odontológo con id 2
[2022-06-1616:45:13] [ INFO ] [OdontologoDaoH2:56] Odontologo encontrado: Odontologo{id=2, nroMatricula='2366', nombre='Pablo', apellido='Perez'}
[2022-06-1616:45:17] [ INFO ] [OdontologoDaoH2:88] Modificando odontologo
[2022-06-1616:45:17] [ INFO ] [OdontologoDaoH2:95] Odontologo actualizado: Odontologo{id=0, nroMatricula='1322', nombre='Pablo', apellido='Perez'}
[2022-06-1616:45:23] [ INFO ] [OdontologoDaoH2:106] Buscando todos los odontologos.
[2022-06-1616:45:23] [ INFO ] [OdontologoDaoH2:117] Todos los odontologos encontrados: [Odontologo{id=1, nroMatricula='1522', nombre='Isabella', apellido='Lopez'}, Odontologo{id=2, nroMatricula='2366', nombre='Pablo', apellido='Perez'}, Odontologo{id=6, nroMatricula='1010', nombre='Gino', apellido='Pascualino'}, Odontologo{id=14, nroMatricula='1258', nombre='Miguel Angel', apellido='Falcone'}]
[2022-06-1616:46:22] [ INFO ] [OdontologoDaoH2:106] Buscando todos los odontologos.
[2022-06-1616:46:22] [ INFO ] [OdontologoDaoH2:117] Todos los odontologos encontrados: [Odontologo{id=1, nroMatricula='1522', nombre='Isabella', apellido='Lopez'}, Odontologo{id=2, nroMatricula='2366', nombre='Pablo', apellido='Perez'}, Odontologo{id=6, nroMatricula='1010', nombre='Gino', apellido='Pascualino'}, Odontologo{id=14, nroMatricula='1258', nombre='Miguel Angel', apellido='Falcone'}]
[2022-06-1616:46:23] [ INFO ] [OdontologoDaoH2:106] Buscando todos los odontologos.
[2022-06-1616:46:23] [ INFO ] [OdontologoDaoH2:117] Todos los odontologos encontrados: [Odontologo{id=1, nroMatricula='1522', nombre='Isabella', apellido='Lopez'}, Odontologo{id=2, nroMatricula='2366', nombre='Pablo', apellido='Perez'}, Odontologo{id=6, nroMatricula='1010', nombre='Gino', apellido='Pascualino'}, Odontologo{id=14, nroMatricula='1258', nombre='Miguel Angel', apellido='Falcone'}]
[2022-06-1616:46:27] [ INFO ] [OdontologoDaoH2:106] Buscando todos los odontologos.
[2022-06-1616:46:27] [ INFO ] [OdontologoDaoH2:117] Todos los odontologos encontrados: [Odontologo{id=1, nroMatricula='1522', nombre='Isabella', apellido='Lopez'}, Odontologo{id=2, nroMatricula='2366', nombre='Pablo', apellido='Perez'}, Odontologo{id=6, nroMatricula='1010', nombre='Gino', apellido='Pascualino'}, Odontologo{id=14, nroMatricula='1258', nombre='Miguel Angel', apellido='Falcone'}]
[2022-06-1616:46:33] [ INFO ] [OdontologoDaoH2:106] Buscando todos los odontologos.
[2022-06-1616:46:33] [ INFO ] [OdontologoDaoH2:117] Todos los odontologos encontrados: [Odontologo{id=1, nroMatricula='1522', nombre='Isabella', apellido='Lopez'}, Odontologo{id=2, nroMatricula='2366', nombre='Pablo', apellido='Perez'}, Odontologo{id=6, nroMatricula='1010', nombre='Gino', apellido='Pascualino'}, Odontologo{id=14, nroMatricula='1258', nombre='Miguel Angel', apellido='Falcone'}]
[2022-06-1622:26:57] [ INFO ] [OdontologoDaoH2:106] Buscando todos los odontologos.
[2022-06-1622:26:57] [ INFO ] [OdontologoDaoH2:117] Todos los odontologos encontrados: [Odontologo{id=1, nroMatricula='1522', nombre='Isabella', apellido='Lopez'}, Odontologo{id=2, nroMatricula='2366', nombre='Pablo', apellido='Perez'}, Odontologo{id=6, nroMatricula='1010', nombre='Gino', apellido='Pascualino'}, Odontologo{id=14, nroMatricula='1258', nombre='Miguel Angel', apellido='Falcone'}]
[2022-06-1622:27:01] [ INFO ] [OdontologoDaoH2:47] Buscando odontológo con id 14
[2022-06-1622:27:01] [ INFO ] [OdontologoDaoH2:56] Odontologo encontrado: Odontologo{id=14, nroMatricula='1258', nombre='Miguel Angel', apellido='Falcone'}
[2022-06-1622:27:05] [ INFO ] [OdontologoDaoH2:88] Modificando odontologo
[2022-06-1622:27:05] [ INFO ] [OdontologoDaoH2:95] Odontologo actualizado: Odontologo{id=0, nroMatricula='1300', nombre='Miguel Angel', apellido='Falcone'}
[2022-06-1622:27:08] [ INFO ] [OdontologoDaoH2:88] Modificando odontologo
[2022-06-1622:27:08] [ INFO ] [OdontologoDaoH2:95] Odontologo actualizado: Odontologo{id=0, nroMatricula='1300', nombre='Miguel Angel', apellido='Falcone'}
[2022-06-1622:27:18] [ INFO ] [OdontologoDaoH2:88] Modificando odontologo
[2022-06-1622:27:18] [ INFO ] [OdontologoDaoH2:95] Odontologo actualizado: Odontologo{id=0, nroMatricula='1300', nombre='Miguel Angel', apellido='Falcone'}
[2022-06-1623:42:06] [ INFO ] [OdontologoDaoH2:106] Buscando todos los odontologos.
[2022-06-1623:42:06] [ INFO ] [OdontologoDaoH2:117] Todos los odontologos encontrados: [Odontologo{id=1, nroMatricula='1522', nombre='Isabella', apellido='Lopez'}, Odontologo{id=2, nroMatricula='2366', nombre='Pablo', apellido='Perez'}, Odontologo{id=6, nroMatricula='1010', nombre='Gino', apellido='Pascualino'}, Odontologo{id=14, nroMatricula='1258', nombre='Miguel Angel', apellido='Falcone'}]
[2022-06-1623:42:08] [ INFO ] [OdontologoDaoH2:47] Buscando odontológo con id 1
[2022-06-1623:42:08] [ INFO ] [OdontologoDaoH2:56] Odontologo encontrado: Odontologo{id=1, nroMatricula='1522', nombre='Isabella', apellido='Lopez'}
[2022-06-1623:42:14] [ INFO ] [OdontologoDaoH2:88] Modificando odontologo
[2022-06-1623:42:14] [ INFO ] [OdontologoDaoH2:95] Odontologo actualizado: Odontologo{id=0, nroMatricula='1522', nombre='Juanita', apellido='Lopez'}
[2022-06-1623:42:20] [ INFO ] [OdontologoDaoH2:106] Buscando todos los odontologos.
[2022-06-1623:42:20] [ INFO ] [OdontologoDaoH2:117] Todos los odontologos encontrados: [Odontologo{id=1, nroMatricula='1522', nombre='Isabella', apellido='Lopez'}, Odontologo{id=2, nroMatricula='2366', nombre='Pablo', apellido='Perez'}, Odontologo{id=6, nroMatricula='1010', nombre='Gino', apellido='Pascualino'}, Odontologo{id=14, nroMatricula='1258', nombre='Miguel Angel', apellido='Falcone'}]
[2022-06-1623:42:39] [ INFO ] [OdontologoDaoH2:106] Buscando todos los odontologos.
[2022-06-1623:42:39] [ INFO ] [OdontologoDaoH2:117] Todos los odontologos encontrados: [Odontologo{id=1, nroMatricula='1522', nombre='Isabella', apellido='Lopez'}, Odontologo{id=2, nroMatricula='2366', nombre='Pablo', apellido='Perez'}, Odontologo{id=6, nroMatricula='1010', nombre='Gino', apellido='Pascualino'}, Odontologo{id=14, nroMatricula='1258', nombre='Miguel Angel', apellido='Falcone'}]
[2022-06-1623:53:57] [ INFO ] [OdontologoDaoH2:47] Buscando odontológo con id 1
[2022-06-1623:53:57] [ INFO ] [OdontologoDaoH2:56] Odontologo encontrado: Odontologo{id=1, nroMatricula='1522', nombre='Isabella', apellido='Lopez'}
[2022-06-1623:54:03] [ INFO ] [OdontologoDaoH2:88] Modificando odontologo
[2022-06-1623:54:03] [ INFO ] [OdontologoDaoH2:95] Odontologo actualizado: Odontologo{id=0, nroMatricula='1522', nombre='Isabella', apellido='Perez'}
[2022-06-1623:54:03] [ INFO ] [OdontologoDaoH2:88] Modificando odontologo
[2022-06-1623:54:03] [ INFO ] [OdontologoDaoH2:95] Odontologo actualizado: Odontologo{id=0, nroMatricula='1522', nombre='Isabella', apellido='Perez'}
[2022-06-1623:54:16] [ INFO ] [OdontologoDaoH2:106] Buscando todos los odontologos.
[2022-06-1623:54:16] [ INFO ] [OdontologoDaoH2:117] Todos los odontologos encontrados: [Odontologo{id=1, nroMatricula='1522', nombre='Isabella', apellido='Lopez'}, Odontologo{id=2, nroMatricula='2366', nombre='Pablo', apellido='Perez'}, Odontologo{id=6, nroMatricula='1010', nombre='Gino', apellido='Pascualino'}, Odontologo{id=14, nroMatricula='1258', nombre='Miguel Angel', apellido='Falcone'}]
[2022-06-1700:00:04] [ INFO ] [OdontologoDaoH2:106] Buscando todos los odontologos.
[2022-06-1700:00:04] [ INFO ] [OdontologoDaoH2:117] Todos los odontologos encontrados: [Odontologo{id=1, nroMatricula='1522', nombre='Isabella', apellido='Lopez'}, Odontologo{id=2, nroMatricula='2366', nombre='Pablo', apellido='Perez'}, Odontologo{id=6, nroMatricula='1010', nombre='Gino', apellido='Pascualino'}, Odontologo{id=14, nroMatricula='1258', nombre='Miguel Angel', apellido='Falcone'}]
[2022-06-1700:00:06] [ INFO ] [OdontologoDaoH2:47] Buscando odontológo con id 1
[2022-06-1700:00:06] [ INFO ] [OdontologoDaoH2:56] Odontologo encontrado: Odontologo{id=1, nroMatricula='1522', nombre='Isabella', apellido='Lopez'}
[2022-06-1700:00:08] [ INFO ] [OdontologoDaoH2:47] Buscando odontológo con id 2
[2022-06-1700:00:08] [ INFO ] [OdontologoDaoH2:56] Odontologo encontrado: Odontologo{id=2, nroMatricula='2366', nombre='Pablo', apellido='Perez'}
[2022-06-1700:00:11] [ INFO ] [OdontologoDaoH2:88] Modificando odontologo
[2022-06-1700:00:11] [ INFO ] [OdontologoDaoH2:95] Odontologo actualizado: Odontologo{id=0, nroMatricula='2366', nombre='Franco', apellido='Perez'}
[2022-06-1700:00:13] [ INFO ] [OdontologoDaoH2:88] Modificando odontologo
[2022-06-1700:00:13] [ INFO ] [OdontologoDaoH2:95] Odontologo actualizado: Odontologo{id=0, nroMatricula='2366', nombre='Franco', apellido='Perez'}
[2022-06-1700:00:16] [ INFO ] [OdontologoDaoH2:106] Buscando todos los odontologos.
[2022-06-1700:00:16] [ INFO ] [OdontologoDaoH2:117] Todos los odontologos encontrados: [Odontologo{id=1, nroMatricula='1522', nombre='Isabella', apellido='Lopez'}, Odontologo{id=2, nroMatricula='2366', nombre='Pablo', apellido='Perez'}, Odontologo{id=6, nroMatricula='1010', nombre='Gino', apellido='Pascualino'}, Odontologo{id=14, nroMatricula='1258', nombre='Miguel Angel', apellido='Falcone'}]
[2022-06-1700:01:02] [ INFO ] [OdontologoDaoH2:47] Buscando odontológo con id 2
[2022-06-1700:01:02] [ INFO ] [OdontologoDaoH2:56] Odontologo encontrado: Odontologo{id=2, nroMatricula='2366', nombre='Pablo', apellido='Perez'}
[2022-06-1700:01:02] [ INFO ] [OdontologoDaoH2:75] Odontologo con id 2 eliminado
[2022-06-1700:01:04] [ INFO ] [OdontologoDaoH2:106] Buscando todos los odontologos.
[2022-06-1700:01:04] [ INFO ] [OdontologoDaoH2:117] Todos los odontologos encontrados: [Odontologo{id=1, nroMatricula='1522', nombre='Isabella', apellido='Lopez'}, Odontologo{id=6, nroMatricula='1010', nombre='Gino', apellido='Pascualino'}, Odontologo{id=14, nroMatricula='1258', nombre='Miguel Angel', apellido='Falcone'}]
[2022-06-1711:27:51] [ INFO ] [OdontologoDaoH2:106] Buscando todos los odontologos.
[2022-06-1711:27:51] [ INFO ] [OdontologoDaoH2:117] Todos los odontologos encontrados: [Odontologo{id=1, nroMatricula='1522', nombre='Isabella', apellido='Lopez'}, Odontologo{id=6, nroMatricula='1010', nombre='Gino', apellido='Pascualino'}, Odontologo{id=14, nroMatricula='1258', nombre='Miguel Angel', apellido='Falcone'}]
[2022-06-1711:30:40] [ INFO ] [OdontologoDaoH2:106] Buscando todos los odontologos.
[2022-06-1711:30:40] [ INFO ] [OdontologoDaoH2:117] Todos los odontologos encontrados: [Odontologo{id=1, nroMatricula='1522', nombre='Isabella', apellido='Lopez'}, Odontologo{id=6, nroMatricula='1010', nombre='Gino', apellido='Pascualino'}, Odontologo{id=14, nroMatricula='1258', nombre='Miguel Angel', apellido='Falcone'}]
[2022-06-1711:32:11] [ INFO ] [OdontologoDaoH2:106] Buscando todos los odontologos.
[2022-06-1711:32:11] [ INFO ] [OdontologoDaoH2:117] Todos los odontologos encontrados: [Odontologo{id=1, nroMatricula='1522', nombre='Isabella', apellido='Lopez'}, Odontologo{id=6, nroMatricula='1010', nombre='Gino', apellido='Pascualino'}, Odontologo{id=14, nroMatricula='1258', nombre='Miguel Angel', apellido='Falcone'}]
[2022-06-1711:32:14] [ INFO ] [OdontologoDaoH2:106] Buscando todos los odontologos.
[2022-06-1711:32:14] [ INFO ] [OdontologoDaoH2:117] Todos los odontologos encontrados: [Odontologo{id=1, nroMatricula='1522', nombre='Isabella', apellido='Lopez'}, Odontologo{id=6, nroMatricula='1010', nombre='Gino', apellido='Pascualino'}, Odontologo{id=14, nroMatricula='1258', nombre='Miguel Angel', apellido='Falcone'}]
[2022-06-1711:35:09] [ INFO ] [OdontologoDaoH2:106] Buscando todos los odontologos.
[2022-06-1711:35:09] [ INFO ] [OdontologoDaoH2:117] Todos los odontologos encontrados: [Odontologo{id=1, nroMatricula='1522', nombre='Isabella', apellido='Lopez'}, Odontologo{id=6, nroMatricula='1010', nombre='Gino', apellido='Pascualino'}, Odontologo{id=14, nroMatricula='1258', nombre='Miguel Angel', apellido='Falcone'}]
[2022-06-1711:35:10] [ INFO ] [OdontologoDaoH2:47] Buscando odontológo con id 1
[2022-06-1711:35:10] [ INFO ] [OdontologoDaoH2:56] Odontologo encontrado: Odontologo{id=1, nroMatricula='1522', nombre='Isabella', apellido='Lopez'}
[2022-06-1711:35:17] [ INFO ] [OdontologoDaoH2:106] Buscando todos los odontologos.
[2022-06-1711:35:17] [ INFO ] [OdontologoDaoH2:117] Todos los odontologos encontrados: [Odontologo{id=1, nroMatricula='1522', nombre='Isabella', apellido='Lopez'}, Odontologo{id=6, nroMatricula='1010', nombre='Gino', apellido='Pascualino'}, Odontologo{id=14, nroMatricula='1258', nombre='Miguel Angel', apellido='Falcone'}]
[2022-06-1711:35:30] [ INFO ] [OdontologoDaoH2:47] Buscando odontológo con id 1
[2022-06-1711:35:30] [ INFO ] [OdontologoDaoH2:56] Odontologo encontrado: Odontologo{id=1, nroMatricula='1522', nombre='Isabella', apellido='Lopez'}
[2022-06-1711:35:35] [ INFO ] [OdontologoDaoH2:106] Buscando todos los odontologos.
[2022-06-1711:35:35] [ INFO ] [OdontologoDaoH2:117] Todos los odontologos encontrados: [Odontologo{id=1, nroMatricula='1522', nombre='Isabella', apellido='Lopez'}, Odontologo{id=6, nroMatricula='1010', nombre='Gino', apellido='Pascualino'}, Odontologo{id=14, nroMatricula='1258', nombre='Miguel Angel', apellido='Falcone'}]
[2022-06-1711:35:37] [ INFO ] [OdontologoDaoH2:47] Buscando odontológo con id 1
[2022-06-1711:35:37] [ INFO ] [OdontologoDaoH2:56] Odontologo encontrado: Odontologo{id=1, nroMatricula='1522', nombre='Isabella', apellido='Lopez'}
[2022-06-1711:36:31] [ INFO ] [OdontologoDaoH2:106] Buscando todos los odontologos.
[2022-06-1711:36:31] [ INFO ] [OdontologoDaoH2:117] Todos los odontologos encontrados: [Odontologo{id=1, nroMatricula='1522', nombre='Isabella', apellido='Lopez'}, Odontologo{id=6, nroMatricula='1010', nombre='Gino', apellido='Pascualino'}, Odontologo{id=14, nroMatricula='1258', nombre='Miguel Angel', apellido='Falcone'}]
[2022-06-1711:36:36] [ INFO ] [OdontologoDaoH2:47] Buscando odontológo con id 1
[2022-06-1711:36:36] [ INFO ] [OdontologoDaoH2:56] Odontologo encontrado: Odontologo{id=1, nroMatricula='1522', nombre='Isabella', apellido='Lopez'}
[2022-06-1711:36:39] [ INFO ] [OdontologoDaoH2:106] Buscando todos los odontologos.
[2022-06-1711:36:39] [ INFO ] [OdontologoDaoH2:117] Todos los odontologos encontrados: [Odontologo{id=1, nroMatricula='1522', nombre='Isabella', apellido='Lopez'}, Odontologo{id=6, nroMatricula='1010', nombre='Gino', apellido='Pascualino'}, Odontologo{id=14, nroMatricula='1258', nombre='Miguel Angel', apellido='Falcone'}]
[2022-06-1711:39:40] [ INFO ] [OdontologoDaoH2:47] Buscando odontológo con id 1
[2022-06-1711:39:40] [ INFO ] [OdontologoDaoH2:56] Odontologo encontrado: Odontologo{id=1, nroMatricula='1522', nombre='Isabella', apellido='Lopez'}
[2022-06-1711:39:51] [ INFO ] [OdontologoDaoH2:106] Buscando todos los odontologos.
[2022-06-1711:39:51] [ INFO ] [OdontologoDaoH2:117] Todos los odontologos encontrados: [Odontologo{id=1, nroMatricula='1522', nombre='Isabella', apellido='Lopez'}, Odontologo{id=6, nroMatricula='1010', nombre='Gino', apellido='Pascualino'}, Odontologo{id=14, nroMatricula='1258', nombre='Miguel Angel', apellido='Falcone'}]
[2022-06-1711:40:54] [ INFO ] [OdontologoDaoH2:106] Buscando todos los odontologos.
[2022-06-1711:40:54] [ INFO ] [OdontologoDaoH2:117] Todos los odontologos encontrados: [Odontologo{id=1, nroMatricula='1522', nombre='Isabella', apellido='Lopez'}, Odontologo{id=6, nroMatricula='1010', nombre='Gino', apellido='Pascualino'}, Odontologo{id=14, nroMatricula='1258', nombre='Miguel Angel', apellido='Falcone'}]
[2022-06-1711:40:55] [ INFO ] [OdontologoDaoH2:47] Buscando odontológo con id 1
[2022-06-1711:40:55] [ INFO ] [OdontologoDaoH2:56] Odontologo encontrado: Odontologo{id=1, nroMatricula='1522', nombre='Isabella', apellido='Lopez'}
[2022-06-1711:40:59] [ INFO ] [OdontologoDaoH2:88] Modificando odontologo
[2022-06-1711:40:59] [ INFO ] [OdontologoDaoH2:95] Odontologo actualizado: Odontologo{id=1, nroMatricula='1300', nombre='Isabella', apellido='Lopez'}
[2022-06-1711:41:02] [ INFO ] [OdontologoDaoH2:88] Modificando odontologo
[2022-06-1711:41:02] [ INFO ] [OdontologoDaoH2:95] Odontologo actualizado: Odontologo{id=1, nroMatricula='1300', nombre='Isabella', apellido='Lopez'}
[2022-06-1711:41:04] [ INFO ] [OdontologoDaoH2:106] Buscando todos los odontologos.
[2022-06-1711:41:04] [ INFO ] [OdontologoDaoH2:117] Todos los odontologos encontrados: [Odontologo{id=1, nroMatricula='1300', nombre='Isabella', apellido='Lopez'}, Odontologo{id=6, nroMatricula='1010', nombre='Gino', apellido='Pascualino'}, Odontologo{id=14, nroMatricula='1258', nombre='Miguel Angel', apellido='Falcone'}]
[2022-06-1711:41:34] [ INFO ] [OdontologoDaoH2:25] Registrando odontologo.
[2022-06-1711:41:34] [ INFO ] [OdontologoDaoH2:37] Ondontologo registrado correctamente: Odontologo{id=16, nroMatricula='2022', nombre='Pepe', apellido='Argento'}
[2022-06-1711:41:38] [ INFO ] [OdontologoDaoH2:106] Buscando todos los odontologos.
[2022-06-1711:41:38] [ INFO ] [OdontologoDaoH2:117] Todos los odontologos encontrados: [Odontologo{id=1, nroMatricula='1300', nombre='Isabella', apellido='Lopez'}, Odontologo{id=6, nroMatricula='1010', nombre='Gino', apellido='Pascualino'}, Odontologo{id=14, nroMatricula='1258', nombre='Miguel Angel', apellido='Falcone'}, Odontologo{id=16, nroMatricula='2022', nombre='Pepe', apellido='Argento'}]
[2022-06-1711:41:39] [ INFO ] [OdontologoDaoH2:106] Buscando todos los odontologos.
[2022-06-1711:41:39] [ INFO ] [OdontologoDaoH2:117] Todos los odontologos encontrados: [Odontologo{id=1, nroMatricula='1300', nombre='Isabella', apellido='Lopez'}, Odontologo{id=6, nroMatricula='1010', nombre='Gino', apellido='Pascualino'}, Odontologo{id=14, nroMatricula='1258', nombre='Miguel Angel', apellido='Falcone'}, Odontologo{id=16, nroMatricula='2022', nombre='Pepe', apellido='Argento'}]
[2022-06-1711:41:48] [ INFO ] [OdontologoDaoH2:106] Buscando todos los odontologos.
[2022-06-1711:41:48] [ INFO ] [OdontologoDaoH2:117] Todos los odontologos encontrados: [Odontologo{id=1, nroMatricula='1300', nombre='Isabella', apellido='Lopez'}, Odontologo{id=6, nroMatricula='1010', nombre='Gino', apellido='Pascualino'}, Odontologo{id=14, nroMatricula='1258', nombre='Miguel Angel', apellido='Falcone'}, Odontologo{id=16, nroMatricula='2022', nombre='Pepe', apellido='Argento'}]
[2022-06-1711:41:51] [ INFO ] [OdontologoDaoH2:47] Buscando odontológo con id 16
[2022-06-1711:41:51] [ INFO ] [OdontologoDaoH2:56] Odontologo encontrado: Odontologo{id=16, nroMatricula='2022', nombre='Pepe', apellido='Argento'}
[2022-06-1711:41:51] [ INFO ] [OdontologoDaoH2:75] Odontologo con id 16 eliminado
[2022-06-1711:41:52] [ INFO ] [OdontologoDaoH2:106] Buscando todos los odontologos.
[2022-06-1711:41:52] [ INFO ] [OdontologoDaoH2:117] Todos los odontologos encontrados: [Odontologo{id=1, nroMatricula='1300', nombre='Isabella', apellido='Lopez'}, Odontologo{id=6, nroMatricula='1010', nombre='Gino', apellido='Pascualino'}, Odontologo{id=14, nroMatricula='1258', nombre='Miguel Angel', apellido='Falcone'}]
[2022-06-1711:41:54] [ INFO ] [OdontologoDaoH2:106] Buscando todos los odontologos.
[2022-06-1711:41:54] [ INFO ] [OdontologoDaoH2:117] Todos los odontologos encontrados: [Odontologo{id=1, nroMatricula='1300', nombre='Isabella', apellido='Lopez'}, Odontologo{id=6, nroMatricula='1010', nombre='Gino', apellido='Pascualino'}, Odontologo{id=14, nroMatricula='1258', nombre='Miguel Angel', apellido='Falcone'}]
[2022-06-1711:42:07] [ INFO ] [OdontologoDaoH2:106] Buscando todos los odontologos.
[2022-06-1711:42:07] [ INFO ] [OdontologoDaoH2:117] Todos los odontologos encontrados: [Odontologo{id=1, nroMatricula='1300', nombre='Isabella', apellido='Lopez'}, Odontologo{id=6, nroMatricula='1010', nombre='Gino', apellido='Pascualino'}, Odontologo{id=14, nroMatricula='1258', nombre='Miguel Angel', apellido='Falcone'}]
[2022-06-1711:42:12] [ INFO ] [OdontologoDaoH2:47] Buscando odontológo con id 1
[2022-06-1711:42:12] [ INFO ] [OdontologoDaoH2:56] Odontologo encontrado: Odontologo{id=1, nroMatricula='1300', nombre='Isabella', apellido='Lopez'}
[2022-06-1711:42:16] [ INFO ] [OdontologoDaoH2:106] Buscando todos los odontologos.
[2022-06-1711:42:16] [ INFO ] [OdontologoDaoH2:117] Todos los odontologos encontrados: [Odontologo{id=1, nroMatricula='1300', nombre='Isabella', apellido='Lopez'}, Odontologo{id=6, nroMatricula='1010', nombre='Gino', apellido='Pascualino'}, Odontologo{id=14, nroMatricula='1258', nombre='Miguel Angel', apellido='Falcone'}]
[2022-06-1711:42:19] [ INFO ] [OdontologoDaoH2:106] Buscando todos los odontologos.
[2022-06-1711:42:19] [ INFO ] [OdontologoDaoH2:117] Todos los odontologos encontrados: [Odontologo{id=1, nroMatricula='1300', nombre='Isabella', apellido='Lopez'}, Odontologo{id=6, nroMatricula='1010', nombre='Gino', apellido='Pascualino'}, Odontologo{id=14, nroMatricula='1258', nombre='Miguel Angel', apellido='Falcone'}]
[2022-06-1711:42:48] [ INFO ] [OdontologoDaoH2:106] Buscando todos los odontologos.
[2022-06-1711:42:48] [ INFO ] [OdontologoDaoH2:117] Todos los odontologos encontrados: [Odontologo{id=1, nroMatricula='1300', nombre='Isabella', apellido='Lopez'}, Odontologo{id=6, nroMatricula='1010', nombre='Gino', apellido='Pascualino'}, Odontologo{id=14, nroMatricula='1258', nombre='Miguel Angel', apellido='Falcone'}]
[2022-06-1711:42:51] [ INFO ] [OdontologoDaoH2:47] Buscando odontológo con id 1
[2022-06-1711:42:51] [ INFO ] [OdontologoDaoH2:56] Odontologo encontrado: Odontologo{id=1, nroMatricula='1300', nombre='Isabella', apellido='Lopez'}
[2022-06-1711:42:54] [ INFO ] [OdontologoDaoH2:88] Modificando odontologo
[2022-06-1711:42:54] [ INFO ] [OdontologoDaoH2:95] Odontologo actualizado: Odontologo{id=1, nroMatricula='1322', nombre='Isabella', apellido='Lopez'}
[2022-06-1711:42:54] [ INFO ] [OdontologoDaoH2:106] Buscando todos los odontologos.
[2022-06-1711:42:54] [ INFO ] [OdontologoDaoH2:117] Todos los odontologos encontrados: [Odontologo{id=1, nroMatricula='1322', nombre='Isabella', apellido='Lopez'}, Odontologo{id=6, nroMatricula='1010', nombre='Gino', apellido='Pascualino'}, Odontologo{id=14, nroMatricula='1258', nombre='Miguel Angel', apellido='Falcone'}]
[2022-06-1711:43:16] [ INFO ] [OdontologoDaoH2:106] Buscando todos los odontologos.
[2022-06-1711:43:16] [ INFO ] [OdontologoDaoH2:117] Todos los odontologos encontrados: [Odontologo{id=1, nroMatricula='1322', nombre='Isabella', apellido='Lopez'}, Odontologo{id=6, nroMatricula='1010', nombre='Gino', apellido='Pascualino'}, Odontologo{id=14, nroMatricula='1258', nombre='Miguel Angel', apellido='Falcone'}]
[2022-06-1711:43:30] [ INFO ] [OdontologoDaoH2:25] Registrando odontologo.
[2022-06-1711:43:30] [ INFO ] [OdontologoDaoH2:37] Ondontologo registrado correctamente: Odontologo{id=17, nroMatricula='155', nombre='Enriqueta', apellido='Evans'}
[2022-06-1711:43:32] [ INFO ] [OdontologoDaoH2:106] Buscando todos los odontologos.
[2022-06-1711:43:32] [ INFO ] [OdontologoDaoH2:117] Todos los odontologos encontrados: [Odontologo{id=1, nroMatricula='1322', nombre='Isabella', apellido='Lopez'}, Odontologo{id=6, nroMatricula='1010', nombre='Gino', apellido='Pascualino'}, Odontologo{id=14, nroMatricula='1258', nombre='Miguel Angel', apellido='Falcone'}, Odontologo{id=17, nroMatricula='155', nombre='Enriqueta', apellido='Evans'}]
[2022-06-1711:43:34] [ INFO ] [OdontologoDaoH2:106] Buscando todos los odontologos.
[2022-06-1711:43:34] [ INFO ] [OdontologoDaoH2:117] Todos los odontologos encontrados: [Odontologo{id=1, nroMatricula='1322', nombre='Isabella', apellido='Lopez'}, Odontologo{id=6, nroMatricula='1010', nombre='Gino', apellido='Pascualino'}, Odontologo{id=14, nroMatricula='1258', nombre='Miguel Angel', apellido='Falcone'}, Odontologo{id=17, nroMatricula='155', nombre='Enriqueta', apellido='Evans'}]
[2022-06-1711:43:44] [ INFO ] [OdontologoDaoH2:47] Buscando odontológo con id 17
[2022-06-1711:43:44] [ INFO ] [OdontologoDaoH2:56] Odontologo encontrado: Odontologo{id=17, nroMatricula='155', nombre='Enriqueta', apellido='Evans'}
[2022-06-1711:43:44] [ INFO ] [OdontologoDaoH2:75] Odontologo con id 17 eliminado
[2022-06-1711:43:44] [ INFO ] [OdontologoDaoH2:106] Buscando todos los odontologos.
[2022-06-1711:43:44] [ INFO ] [OdontologoDaoH2:117] Todos los odontologos encontrados: [Odontologo{id=1, nroMatricula='1322', nombre='Isabella', apellido='Lopez'}, Odontologo{id=6, nroMatricula='1010', nombre='Gino', apellido='Pascualino'}, Odontologo{id=14, nroMatricula='1258', nombre='Miguel Angel', apellido='Falcone'}]
[2022-06-1711:44:33] [ INFO ] [OdontologoDaoH2:25] Registrando odontologo.
[2022-06-1711:44:33] [ INFO ] [OdontologoDaoH2:37] Ondontologo registrado correctamente: Odontologo{id=18, nroMatricula='1282', nombre='Pepe', apellido='Argento'}
[2022-06-1711:44:34] [ INFO ] [OdontologoDaoH2:106] Buscando todos los odontologos.
[2022-06-1711:44:34] [ INFO ] [OdontologoDaoH2:117] Todos los odontologos encontrados: [Odontologo{id=1, nroMatricula='1322', nombre='Isabella', apellido='Lopez'}, Odontologo{id=6, nroMatricula='1010', nombre='Gino', apellido='Pascualino'}, Odontologo{id=14, nroMatricula='1258', nombre='Miguel Angel', apellido='Falcone'}, Odontologo{id=18, nroMatricula='1282', nombre='Pepe', apellido='Argento'}]
[2022-06-1711:44:36] [ INFO ] [OdontologoDaoH2:47] Buscando odontológo con id 18
[2022-06-1711:44:36] [ INFO ] [OdontologoDaoH2:56] Odontologo encontrado: Odontologo{id=18, nroMatricula='1282', nombre='Pepe', apellido='Argento'}
[2022-06-1711:44:36] [ INFO ] [OdontologoDaoH2:75] Odontologo con id 18 eliminado
[2022-06-1711:44:36] [ INFO ] [OdontologoDaoH2:106] Buscando todos los odontologos.
[2022-06-1711:44:36] [ INFO ] [OdontologoDaoH2:117] Todos los odontologos encontrados: [Odontologo{id=1, nroMatricula='1322', nombre='Isabella', apellido='Lopez'}, Odontologo{id=6, nroMatricula='1010', nombre='Gino', apellido='Pascualino'}, Odontologo{id=14, nroMatricula='1258', nombre='Miguel Angel', apellido='Falcone'}]
[2022-06-1711:45:22] [ INFO ] [OdontologoDaoH2:25] Registrando odontologo.
[2022-06-1711:45:23] [ INFO ] [OdontologoDaoH2:37] Ondontologo registrado correctamente: Odontologo{id=19, nroMatricula='1258', nombre='Pepe', apellido='Argento'}
[2022-06-1711:45:24] [ INFO ] [OdontologoDaoH2:106] Buscando todos los odontologos.
[2022-06-1711:45:24] [ INFO ] [OdontologoDaoH2:117] Todos los odontologos encontrados: [Odontologo{id=1, nroMatricula='1322', nombre='Isabella', apellido='Lopez'}, Odontologo{id=6, nroMatricula='1010', nombre='Gino', apellido='Pascualino'}, Odontologo{id=14, nroMatricula='1258', nombre='Miguel Angel', apellido='Falcone'}, Odontologo{id=19, nroMatricula='1258', nombre='Pepe', apellido='Argento'}]
[2022-06-1711:45:26] [ INFO ] [OdontologoDaoH2:47] Buscando odontológo con id 19
[2022-06-1711:45:26] [ INFO ] [OdontologoDaoH2:56] Odontologo encontrado: Odontologo{id=19, nroMatricula='1258', nombre='Pepe', apellido='Argento'}
[2022-06-1711:45:26] [ INFO ] [OdontologoDaoH2:75] Odontologo con id 19 eliminado
[2022-06-1711:45:27] [ INFO ] [OdontologoDaoH2:106] Buscando todos los odontologos.
[2022-06-1711:45:27] [ INFO ] [OdontologoDaoH2:117] Todos los odontologos encontrados: [Odontologo{id=1, nroMatricula='1322', nombre='Isabella', apellido='Lopez'}, Odontologo{id=6, nroMatricula='1010', nombre='Gino', apellido='Pascualino'}, Odontologo{id=14, nroMatricula='1258', nombre='Miguel Angel', apellido='Falcone'}]
[2022-06-1711:45:29] [ INFO ] [OdontologoDaoH2:106] Buscando todos los odontologos.
[2022-06-1711:45:29] [ INFO ] [OdontologoDaoH2:117] Todos los odontologos encontrados: [Odontologo{id=1, nroMatricula='1322', nombre='Isabella', apellido='Lopez'}, Odontologo{id=6, nroMatricula='1010', nombre='Gino', apellido='Pascualino'}, Odontologo{id=14, nroMatricula='1258', nombre='Miguel Angel', apellido='Falcone'}]
[2022-06-1711:47:23] [ INFO ] [OdontologoDaoH2:106] Buscando todos los odontologos.
[2022-06-1711:47:23] [ INFO ] [OdontologoDaoH2:117] Todos los odontologos encontrados: [Odontologo{id=1, nroMatricula='1322', nombre='Isabella', apellido='Lopez'}, Odontologo{id=6, nroMatricula='1010', nombre='Gino', apellido='Pascualino'}, Odontologo{id=14, nroMatricula='1258', nombre='Miguel Angel', apellido='Falcone'}]
[2022-06-1711:47:42] [ INFO ] [OdontologoDaoH2:25] Registrando odontologo.
[2022-06-1711:47:42] [ INFO ] [OdontologoDaoH2:37] Ondontologo registrado correctamente: Odontologo{id=20, nroMatricula='1258', nombre='Miguel Angel', apellido='Argento'}
[2022-06-1711:47:45] [ INFO ] [OdontologoDaoH2:106] Buscando todos los odontologos.
[2022-06-1711:47:45] [ INFO ] [OdontologoDaoH2:117] Todos los odontologos encontrados: [Odontologo{id=1, nroMatricula='1322', nombre='Isabella', apellido='Lopez'}, Odontologo{id=6, nroMatricula='1010', nombre='Gino', apellido='Pascualino'}, Odontologo{id=14, nroMatricula='1258', nombre='Miguel Angel', apellido='Falcone'}, Odontologo{id=20, nroMatricula='1258', nombre='Miguel Angel', apellido='Argento'}]
[2022-06-1711:48:17] [ INFO ] [OdontologoDaoH2:25] Registrando odontologo.
[2022-06-1711:48:17] [ INFO ] [OdontologoDaoH2:37] Ondontologo registrado correctamente: Odontologo{id=21, nroMatricula='1258', nombre='Miguel Angel', apellido='Argento'}
[2022-06-1711:48:20] [ INFO ] [OdontologoDaoH2:106] Buscando todos los odontologos.
[2022-06-1711:48:20] [ INFO ] [OdontologoDaoH2:117] Todos los odontologos encontrados: [Odontologo{id=1, nroMatricula='1322', nombre='Isabella', apellido='Lopez'}, Odontologo{id=6, nroMatricula='1010', nombre='Gino', apellido='Pascualino'}, Odontologo{id=14, nroMatricula='1258', nombre='Miguel Angel', apellido='Falcone'}, Odontologo{id=20, nroMatricula='1258', nombre='Miguel Angel', apellido='Argento'}, Odontologo{id=21, nroMatricula='1258', nombre='Miguel Angel', apellido='Argento'}]
[2022-06-1711:48:21] [ INFO ] [OdontologoDaoH2:47] Buscando odontológo con id 21
[2022-06-1711:48:21] [ INFO ] [OdontologoDaoH2:56] Odontologo encontrado: Odontologo{id=21, nroMatricula='1258', nombre='Miguel Angel', apellido='Argento'}
[2022-06-1711:48:21] [ INFO ] [OdontologoDaoH2:75] Odontologo con id 21 eliminado
[2022-06-1711:48:21] [ INFO ] [OdontologoDaoH2:106] Buscando todos los odontologos.
[2022-06-1711:48:21] [ INFO ] [OdontologoDaoH2:117] Todos los odontologos encontrados: [Odontologo{id=1, nroMatricula='1322', nombre='Isabella', apellido='Lopez'}, Odontologo{id=6, nroMatricula='1010', nombre='Gino', apellido='Pascualino'}, Odontologo{id=14, nroMatricula='1258', nombre='Miguel Angel', apellido='Falcone'}, Odontologo{id=20, nroMatricula='1258', nombre='Miguel Angel', apellido='Argento'}]
[2022-06-1711:48:22] [ INFO ] [OdontologoDaoH2:47] Buscando odontológo con id 20
[2022-06-1711:48:22] [ INFO ] [OdontologoDaoH2:56] Odontologo encontrado: Odontologo{id=20, nroMatricula='1258', nombre='Miguel Angel', apellido='Argento'}
[2022-06-1711:48:22] [ INFO ] [OdontologoDaoH2:75] Odontologo con id 20 eliminado
[2022-06-1711:48:22] [ INFO ] [OdontologoDaoH2:106] Buscando todos los odontologos.
[2022-06-1711:48:22] [ INFO ] [OdontologoDaoH2:117] Todos los odontologos encontrados: [Odontologo{id=1, nroMatricula='1322', nombre='Isabella', apellido='Lopez'}, Odontologo{id=6, nroMatricula='1010', nombre='Gino', apellido='Pascualino'}, Odontologo{id=14, nroMatricula='1258', nombre='Miguel Angel', apellido='Falcone'}]
[2022-06-1711:48:53] [ INFO ] [OdontologoDaoH2:25] Registrando odontologo.
[2022-06-1711:48:53] [ INFO ] [OdontologoDaoH2:37] Ondontologo registrado correctamente: Odontologo{id=22, nroMatricula='155', nombre='Enriqueta', apellido='Evans'}
[2022-06-1711:48:58] [ INFO ] [OdontologoDaoH2:106] Buscando todos los odontologos.
[2022-06-1711:48:58] [ INFO ] [OdontologoDaoH2:117] Todos los odontologos encontrados: [Odontologo{id=1, nroMatricula='1322', nombre='Isabella', apellido='Lopez'}, Odontologo{id=6, nroMatricula='1010', nombre='Gino', apellido='Pascualino'}, Odontologo{id=14, nroMatricula='1258', nombre='Miguel Angel', apellido='Falcone'}, Odontologo{id=22, nroMatricula='155', nombre='Enriqueta', apellido='Evans'}]
[2022-06-1711:49:09] [ INFO ] [OdontologoDaoH2:47] Buscando odontológo con id 22
[2022-06-1711:49:09] [ INFO ] [OdontologoDaoH2:56] Odontologo encontrado: Odontologo{id=22, nroMatricula='155', nombre='Enriqueta', apellido='Evans'}
[2022-06-1711:49:09] [ INFO ] [OdontologoDaoH2:75] Odontologo con id 22 eliminado
[2022-06-1711:49:09] [ INFO ] [OdontologoDaoH2:106] Buscando todos los odontologos.
[2022-06-1711:49:09] [ INFO ] [OdontologoDaoH2:117] Todos los odontologos encontrados: [Odontologo{id=1, nroMatricula='1322', nombre='Isabella', apellido='Lopez'}, Odontologo{id=6, nroMatricula='1010', nombre='Gino', apellido='Pascualino'}, Odontologo{id=14, nroMatricula='1258', nombre='Miguel Angel', apellido='Falcone'}]
[2022-06-1711:49:12] [ INFO ] [OdontologoDaoH2:47] Buscando odontológo con id 6
[2022-06-1711:49:12] [ INFO ] [OdontologoDaoH2:56] Odontologo encontrado: Odontologo{id=6, nroMatricula='1010', nombre='Gino', apellido='Pascualino'}
[2022-06-1711:49:21] [ INFO ] [OdontologoDaoH2:88] Modificando odontologo
[2022-06-1711:49:21] [ INFO ] [OdontologoDaoH2:95] Odontologo actualizado: Odontologo{id=6, nroMatricula='1500', nombre='Gino', apellido='Pascualino'}
[2022-06-1711:49:21] [ INFO ] [OdontologoDaoH2:106] Buscando todos los odontologos.
[2022-06-1711:49:21] [ INFO ] [OdontologoDaoH2:117] Todos los odontologos encontrados: [Odontologo{id=1, nroMatricula='1322', nombre='Isabella', apellido='Lopez'}, Odontologo{id=6, nroMatricula='1500', nombre='Gino', apellido='Pascualino'}, Odontologo{id=14, nroMatricula='1258', nombre='Miguel Angel', apellido='Falcone'}]
[2022-06-1711:49:37] [ INFO ] [OdontologoDaoH2:106] Buscando todos los odontologos.
[2022-06-1711:49:37] [ INFO ] [OdontologoDaoH2:117] Todos los odontologos encontrados: [Odontologo{id=1, nroMatricula='1322', nombre='Isabella', apellido='Lopez'}, Odontologo{id=6, nroMatricula='1500', nombre='Gino', apellido='Pascualino'}, Odontologo{id=14, nroMatricula='1258', nombre='Miguel Angel', apellido='Falcone'}]
[2022-06-1711:49:43] [ INFO ] [OdontologoDaoH2:106] Buscando todos los odontologos.
[2022-06-1711:49:43] [ INFO ] [OdontologoDaoH2:117] Todos los odontologos encontrados: [Odontologo{id=1, nroMatricula='1322', nombre='Isabella', apellido='Lopez'}, Odontologo{id=6, nroMatricula='1500', nombre='Gino', apellido='Pascualino'}, Odontologo{id=14, nroMatricula='1258', nombre='Miguel Angel', apellido='Falcone'}]
[2022-06-2116:05:30] [ INFO ] [PacienteDaoH2:122] Buscando todos los pacientes
[2022-06-2116:05:30] [ INFO ] [PacienteDaoH2:61] Domicilio encontrado Domicilio{id=3, calle='Jacaranda', numero=709, localidad='Las Heras', provincia='Mendoza'}
[2022-06-2116:05:30] [ INFO ] [PacienteDaoH2:61] Domicilio encontrado Domicilio{id=4, calle='Jacaranda', numero=709, localidad='Las Heras', provincia='Mendoza'}
[2022-06-2116:05:30] [ INFO ] [PacienteDaoH2:61] Domicilio encontrado Domicilio{id=5, calle='Jacaranda', numero=709, localidad='Las Heras', provincia='Mendoza'}
[2022-06-2116:05:30] [ INFO ] [PacienteDaoH2:61] Domicilio encontrado Domicilio{id=8, calle='Jacaranda', numero=709, localidad='Las Heras', provincia='Mendoza'}
[2022-06-2116:05:30] [ INFO ] [PacienteDaoH2:61] Domicilio encontrado Domicilio{id=9, calle='Jacaranda', numero=709, localidad='Las Heras', provincia='Mendoza'}
[2022-06-2116:05:30] [ INFO ] [PacienteDaoH2:61] Domicilio encontrado Domicilio{id=10, calle='Jacaranda', numero=709, localidad='Las Heras', provincia='Mendoza'}
[2022-06-2116:05:30] [ INFO ] [PacienteDaoH2:61] Domicilio encontrado Domicilio{id=11, calle='Jacaranda', numero=709, localidad='Las Heras', provincia='Mendoza'}
[2022-06-2116:05:30] [ INFO ] [PacienteDaoH2:61] Domicilio encontrado Domicilio{id=12, calle='Jacaranda', numero=709, localidad='Las Heras', provincia='Mendoza'}
[2022-06-2116:05:30] [ INFO ] [PacienteDaoH2:133] Pacientes encontrados: [Paciente{apellido='Gino', nombre='Falcone', dni='502356', fechaIngreso='2022-06-16', domicilio='Domicilio{id=3, calle='Jacaranda', numero=709, localidad='Las Heras', provincia='Mendoza'}', id=1}, Paciente{apellido='Renzo', nombre='Paura', dni='1236587', fechaIngreso='2022-06-16', domicilio='Domicilio{id=4, calle='Jacaranda', numero=709, localidad='Las Heras', provincia='Mendoza'}', id=2}, Paciente{apellido='Miguel Angel', nombre='Paura', dni='235687', fechaIngreso='2022-06-16', domicilio='Domicilio{id=5, calle='Jacaranda', numero=709, localidad='Las Heras', provincia='Mendoza'}', id=3}, Paciente{apellido='Renzo', nombre='Paura', dni='1236587', fechaIngreso='2022-06-16', domicilio='Domicilio{id=8, calle='Jacaranda', numero=709, localidad='Las Heras', provincia='Mendoza'}', id=5}, Paciente{apellido='Miguel Angel', nombre='Paura', dni='235687', fechaIngreso='2022-06-16', domicilio='Domicilio{id=9, calle='Jacaranda', numero=709, localidad='Las Heras', provincia='Mendoza'}', id=6}, Paciente{apellido='Gino', nombre='Falcone', dni='502356', fechaIngreso='2022-06-16', domicilio='Domicilio{id=10, calle='Jacaranda', numero=709, localidad='Las Heras', provincia='Mendoza'}', id=7}, Paciente{apellido='Renzo', nombre='Paura', dni='1236587', fechaIngreso='2022-06-16', domicilio='Domicilio{id=11, calle='Jacaranda', numero=709, localidad='Las Heras', provincia='Mendoza'}', id=8}, Paciente{apellido='Miguel Angel', nombre='Paura', dni='235687', fechaIngreso='2022-06-16', domicilio='Domicilio{id=12, calle='Jacaranda', numero=709, localidad='Las Heras', provincia='Mendoza'}', id=9}]
[2022-06-2116:07:10] [ INFO ] [PacienteDaoH2:30] Registrando paciente
[2022-06-2116:07:10] [ INFO ] [PacienteDaoH2:43] Domicilio registrado
[2022-06-2116:07:10] [ INFO ] [PacienteDaoH2:46] Paciente registrado: Paciente{apellido='Miguel Angel', nombre='Falcone', dni='235687', fechaIngreso='Wed Jun 15 21:00:00 ART 2022', domicilio='Domicilio{id=13, calle='Jacaranda', numero=709, localidad='Las Heras', provincia='Mendoza'}', id=10}
[2022-06-2116:07:28] [ INFO ] [PacienteDaoH2:57] Buscando paciente
[2022-06-2116:07:28] [ INFO ] [PacienteDaoH2:61] Domicilio encontrado Domicilio{id=10, calle='Jacaranda', numero=709, localidad='Las Heras', provincia='Mendoza'}
[2022-06-2116:07:28] [ INFO ] [PacienteDaoH2:66] Paciente con id 7 encontrado
[2022-06-2116:15:23] [ INFO ] [PacienteDaoH2:77] Elimnando paciente
[2022-06-2116:15:23] [ INFO ] [PacienteDaoH2:86] Paciente con id 7 eliminado.
[2022-06-2116:15:51] [ INFO ] [PacienteDaoH2:122] Buscando todos los pacientes
[2022-06-2116:15:51] [ INFO ] [PacienteDaoH2:61] Domicilio encontrado Domicilio{id=3, calle='Jacaranda', numero=709, localidad='Las Heras', provincia='Mendoza'}
[2022-06-2116:15:51] [ INFO ] [PacienteDaoH2:61] Domicilio encontrado Domicilio{id=4, calle='Jacaranda', numero=709, localidad='Las Heras', provincia='Mendoza'}
[2022-06-2116:15:51] [ INFO ] [PacienteDaoH2:61] Domicilio encontrado Domicilio{id=5, calle='Jacaranda', numero=709, localidad='Las Heras', provincia='Mendoza'}
[2022-06-2116:15:51] [ INFO ] [PacienteDaoH2:61] Domicilio encontrado Domicilio{id=8, calle='Jacaranda', numero=709, localidad='Las Heras', provincia='Mendoza'}
[2022-06-2116:15:51] [ INFO ] [PacienteDaoH2:61] Domicilio encontrado Domicilio{id=9, calle='Jacaranda', numero=709, localidad='Las Heras', provincia='Mendoza'}
[2022-06-2116:15:51] [ INFO ] [PacienteDaoH2:61] Domicilio encontrado Domicilio{id=11, calle='Jacaranda', numero=709, localidad='Las Heras', provincia='Mendoza'}
[2022-06-2116:15:51] [ INFO ] [PacienteDaoH2:61] Domicilio encontrado Domicilio{id=12, calle='Jacaranda', numero=709, localidad='Las Heras', provincia='Mendoza'}
[2022-06-2116:15:51] [ INFO ] [PacienteDaoH2:61] Domicilio encontrado Domicilio{id=13, calle='Jacaranda', numero=709, localidad='Las Heras', provincia='Mendoza'}
[2022-06-2116:15:51] [ INFO ] [PacienteDaoH2:133] Pacientes encontrados: [Paciente{apellido='Gino', nombre='Falcone', dni='502356', fechaIngreso='2022-06-16', domicilio='Domicilio{id=3, calle='Jacaranda', numero=709, localidad='Las Heras', provincia='Mendoza'}', id=1}, Paciente{apellido='Renzo', nombre='Paura', dni='1236587', fechaIngreso='2022-06-16', domicilio='Domicilio{id=4, calle='Jacaranda', numero=709, localidad='Las Heras', provincia='Mendoza'}', id=2}, Paciente{apellido='Miguel Angel', nombre='Paura', dni='235687', fechaIngreso='2022-06-16', domicilio='Domicilio{id=5, calle='Jacaranda', numero=709, localidad='Las Heras', provincia='Mendoza'}', id=3}, Paciente{apellido='Renzo', nombre='Paura', dni='1236587', fechaIngreso='2022-06-16', domicilio='Domicilio{id=8, calle='Jacaranda', numero=709, localidad='Las Heras', provincia='Mendoza'}', id=5}, Paciente{apellido='Miguel Angel', nombre='Paura', dni='235687', fechaIngreso='2022-06-16', domicilio='Domicilio{id=9, calle='Jacaranda', numero=709, localidad='Las Heras', provincia='Mendoza'}', id=6}, Paciente{apellido='Renzo', nombre='Paura', dni='1236587', fechaIngreso='2022-06-16', domicilio='Domicilio{id=11, calle='Jacaranda', numero=709, localidad='Las Heras', provincia='Mendoza'}', id=8}, Paciente{apellido='Miguel Angel', nombre='Paura', dni='235687', fechaIngreso='2022-06-16', domicilio='Domicilio{id=12, calle='Jacaranda', numero=709, localidad='Las Heras', provincia='Mendoza'}', id=9}, Paciente{apellido='Falcone', nombre='Miguel Angel', dni='235687', fechaIngreso='2022-06-15', domicilio='Domicilio{id=13, calle='Jacaranda', numero=709, localidad='Las Heras', provincia='Mendoza'}', id=10}]
[2022-06-2116:16:24] [ INFO ] [PacienteDaoH2:99] Modificando paciente
[2022-06-2116:16:24] [ INFO ] [PacienteDaoH2:94] Modificando paciente
[2022-06-2116:16:24] [ INFO ] [PacienteDaoH2:104] Domicilio modificado: Domicilio{id=4, calle='Jacaranda', numero=709, localidad='Las Heras', provincia='Mendoza'}
[2022-06-2116:16:24] [ INFO ] [PacienteDaoH2:110] Domicilio del paciente modificado.
[2022-06-2116:19:07] [ INFO ] [OdontologoDaoH2:108] Buscando todos los odontologos.
[2022-06-2116:19:07] [ INFO ] [OdontologoDaoH2:119] Todos los odontologos encontrados: [Odontologo{id=1, nroMatricula='1322', nombre='Isabella', apellido='Lopez'}, Odontologo{id=6, nroMatricula='1500', nombre='Gino', apellido='Pascualino'}, Odontologo{id=14, nroMatricula='1258', nombre='Miguel Angel', apellido='Falcone'}]
[2022-06-2116:20:37] [ INFO ] [OdontologoDaoH2:27] Registrando odontologo.
[2022-06-2116:20:37] [ INFO ] [OdontologoDaoH2:39] Ondontologo registrado correctamente: Odontologo{id=23, nroMatricula='1300', nombre='Enriqueta', apellido='Evans'}
[2022-06-2116:20:56] [ INFO ] [OdontologoDaoH2:49] Buscando odontológo con id 14
[2022-06-2116:20:56] [ INFO ] [OdontologoDaoH2:58] Odontologo encontrado: Odontologo{id=14, nroMatricula='1258', nombre='Miguel Angel', apellido='Falcone'}
[2022-06-2116:21:30] [ INFO ] [OdontologoDaoH2:90] Modificando odontologo
[2022-06-2116:21:30] [ INFO ] [OdontologoDaoH2:97] Odontologo actualizado: Odontologo{id=14, nroMatricula='1258', nombre='Miguel Angel', apellido='Paura'}
[2022-06-2116:21:48] [ INFO ] [OdontologoDaoH2:108] Buscando todos los odontologos.
[2022-06-2116:21:48] [ INFO ] [OdontologoDaoH2:119] Todos los odontologos encontrados: [Odontologo{id=1, nroMatricula='1322', nombre='Isabella', apellido='Lopez'}, Odontologo{id=6, nroMatricula='1500', nombre='Gino', apellido='Pascualino'}, Odontologo{id=14, nroMatricula='1258', nombre='Miguel Angel', apellido='Paura'}, Odontologo{id=23, nroMatricula='1300', nombre='Enriqueta', apellido='Evans'}]
[2022-06-2116:21:57] [ INFO ] [OdontologoDaoH2:49] Buscando odontológo con id 23
[2022-06-2116:21:57] [ INFO ] [OdontologoDaoH2:58] Odontologo encontrado: Odontologo{id=23, nroMatricula='1300', nombre='Enriqueta', apellido='Evans'}
[2022-06-2116:21:57] [ INFO ] [OdontologoDaoH2:77] Odontologo con id 23 eliminado
[2022-06-2116:22:53] [ INFO ] [OdontologoDaoH2:108] Buscando todos los odontologos.
[2022-06-2116:22:53] [ INFO ] [OdontologoDaoH2:119] Todos los odontologos encontrados: [Odontologo{id=1, nroMatricula='1322', nombre='Isabella', apellido='Lopez'}, Odontologo{id=6, nroMatricula='1500', nombre='Gino', apellido='Pascualino'}, Odontologo{id=14, nroMatricula='1258', nombre='Miguel Angel', apellido='Paura'}]
[2022-06-2116:22:57] [ INFO ] [OdontologoDaoH2:49] Buscando odontológo con id 6
[2022-06-2116:22:57] [ INFO ] [OdontologoDaoH2:58] Odontologo encontrado: Odontologo{id=6, nroMatricula='1500', nombre='Gino', apellido='Pascualino'}
[2022-06-2116:23:01] [ INFO ] [PacienteDaoH2:122] Buscando todos los pacientes
[2022-06-2116:23:01] [ INFO ] [PacienteDaoH2:61] Domicilio encontrado Domicilio{id=3, calle='Jacaranda', numero=709, localidad='Las Heras', provincia='Mendoza'}
[2022-06-2116:23:01] [ INFO ] [PacienteDaoH2:61] Domicilio encontrado Domicilio{id=4, calle='Jacaranda', numero=709, localidad='Las Heras', provincia='Mendoza'}
[2022-06-2116:23:01] [ INFO ] [PacienteDaoH2:61] Domicilio encontrado Domicilio{id=5, calle='Jacaranda', numero=709, localidad='Las Heras', provincia='Mendoza'}
[2022-06-2116:23:01] [ INFO ] [PacienteDaoH2:61] Domicilio encontrado Domicilio{id=8, calle='Jacaranda', numero=709, localidad='Las Heras', provincia='Mendoza'}
[2022-06-2116:23:01] [ INFO ] [PacienteDaoH2:61] Domicilio encontrado Domicilio{id=9, calle='Jacaranda', numero=709, localidad='Las Heras', provincia='Mendoza'}
[2022-06-2116:23:01] [ INFO ] [PacienteDaoH2:61] Domicilio encontrado Domicilio{id=11, calle='Jacaranda', numero=709, localidad='Las Heras', provincia='Mendoza'}
[2022-06-2116:23:01] [ INFO ] [PacienteDaoH2:61] Domicilio encontrado Domicilio{id=12, calle='Jacaranda', numero=709, localidad='Las Heras', provincia='Mendoza'}
[2022-06-2116:23:01] [ INFO ] [PacienteDaoH2:61] Domicilio encontrado Domicilio{id=13, calle='Jacaranda', numero=709, localidad='Las Heras', provincia='Mendoza'}
[2022-06-2116:23:01] [ INFO ] [PacienteDaoH2:133] Pacientes encontrados: [Paciente{apellido='Gino', nombre='Falcone', dni='502356', fechaIngreso='2022-06-16', domicilio='Domicilio{id=3, calle='Jacaranda', numero=709, localidad='Las Heras', provincia='Mendoza'}', id=1}, Paciente{apellido='Miguel', nombre='Miguel', dni='1236587', fechaIngreso='2022-06-15', domicilio='Domicilio{id=4, calle='Jacaranda', numero=709, localidad='Las Heras', provincia='Mendoza'}', id=2}, Paciente{apellido='Miguel Angel', nombre='Paura', dni='235687', fechaIngreso='2022-06-16', domicilio='Domicilio{id=5, calle='Jacaranda', numero=709, localidad='Las Heras', provincia='Mendoza'}', id=3}, Paciente{apellido='Renzo', nombre='Paura', dni='1236587', fechaIngreso='2022-06-16', domicilio='Domicilio{id=8, calle='Jacaranda', numero=709, localidad='Las Heras', provincia='Mendoza'}', id=5}, Paciente{apellido='Miguel Angel', nombre='Paura', dni='235687', fechaIngreso='2022-06-16', domicilio='Domicilio{id=9, calle='Jacaranda', numero=709, localidad='Las Heras', provincia='Mendoza'}', id=6}, Paciente{apellido='Renzo', nombre='Paura', dni='1236587', fechaIngreso='2022-06-16', domicilio='Domicilio{id=11, calle='Jacaranda', numero=709, localidad='Las Heras', provincia='Mendoza'}', id=8}, Paciente{apellido='Miguel Angel', nombre='Paura', dni='235687', fechaIngreso='2022-06-16', domicilio='Domicilio{id=12, calle='Jacaranda', numero=709, localidad='Las Heras', provincia='Mendoza'}', id=9}, Paciente{apellido='Falcone', nombre='Miguel Angel', dni='235687', fechaIngreso='2022-06-15', domicilio='Domicilio{id=13, calle='Jacaranda', numero=709, localidad='Las Heras', provincia='Mendoza'}', id=10}]
[2022-06-2116:23:05] [ INFO ] [PacienteDaoH2:57] Buscando paciente
[2022-06-2116:23:19] [ INFO ] [PacienteDaoH2:57] Buscando paciente
[2022-06-2116:23:19] [ INFO ] [PacienteDaoH2:61] Domicilio encontrado Domicilio{id=8, calle='Jacaranda', numero=709, localidad='Las Heras', provincia='Mendoza'}
[2022-06-2116:23:19] [ INFO ] [PacienteDaoH2:66] Paciente con id 5 encontrado
